MPASM  5.51                  SNAKEPROJESI.ASM   11-3-2019  19:57:12         PAGE  1


LOC  OBJECT CODE     LINE SOURCE TEXT
  VALUE

                      00001 #include        <p16f877A.inc>
                      00001         LIST
                      00002 
                      00003 ;==========================================================================
                      00004 ;  MPASM PIC16F877A processor include
                      00005 ; 
                      00006 ;  (c) Copyright 1999-2013 Microchip Technology, All rights reserved
                      00007 ;==========================================================================
                      00008 
                      00566         LIST
Warning[205]: Found directive in column 1. (list)
                      00002 list            p=16f877A
  00000020            00003 GECIKME1        EQU     0x20    ;GEC?KME 1. DONGU
  00000021            00004 GECIKME2        EQU     0x21    ;GECIKME 2. DONGU
  00000023            00005 N1_PORTB                EQU     0X23
  00000024            00006 N1_PORTC        EQU     0X24
  00000025            00007 N2_PORTB                EQU     0X25
  00000026            00008 N2_PORTC        EQU     0X26
  00000027            00009 N3_PORTB                EQU     0X27
  00000028            00010 N3_PORTC        EQU     0X28
                      00011 ;upta çalýþýyor
Warning[205]: Found directive in column 1. (ORG)
                      00012 ORG 0X00
0000   0000           00013  nop
Warning[203]: Found opcode in column 1. (GOTO)
0001   2???           00014 GOTO BASLA
                      00015 
0002                  00016 UP:
Warning[203]: Found opcode in column 1. (CALL)
0002   2???           00017 CALL GECIKME
Warning[203]: Found opcode in column 1. (CALL)
0003   2???           00018 CALL GECIKME
Warning[203]: Found opcode in column 1. (CALL)
0004   2???           00019 CALL GECIKME
Warning[204]: Found pseudo-op in column 1. (MOVFW)
0005   0825           00020 MOVFW   N2_PORTB
Warning[203]: Found opcode in column 1. (MOVWF)
0006   00A3           00021 MOVWF   N1_PORTB
Warning[204]: Found pseudo-op in column 1. (MOVFW)
0007   0826           00022 MOVFW   N2_PORTC
Warning[203]: Found opcode in column 1. (MOVWF)
0008   00A4           00023 MOVWF   N1_PORTC
Warning[203]: Found opcode in column 1. (CALL)
0009   2???           00024 CALL GECIKME
Warning[204]: Found pseudo-op in column 1. (MOVFW)
000A   0827           00025 MOVFW    N3_PORTB
Warning[203]: Found opcode in column 1. (MOVWF)
000B   00A5           00026 MOVWF    N2_PORTB
Warning[204]: Found pseudo-op in column 1. (MOVFW)
000C   0828           00027 MOVFW    N3_PORTC
Warning[203]: Found opcode in column 1. (MOVWF)
000D   00A6           00028 MOVWF    N2_PORTC
Warning[203]: Found opcode in column 1. (CALL)
MPASM  5.51                  SNAKEPROJESI.ASM   11-3-2019  19:57:12         PAGE  2


LOC  OBJECT CODE     LINE SOURCE TEXT
  VALUE

000E   2???           00029 CALL GECIKME
Warning[203]: Found opcode in column 1. (RRF)
Message[305]: Using default destination of 1 (file).
000F   0CA7           00030 RRF             N3_PORTB
                      00031 
Warning[203]: Found opcode in column 1. (RETURN)
0010   0008           00032 RETURN
                      00033 
0011                  00034 DOWN:
Warning[203]: Found opcode in column 1. (CALL)
0011   2???           00035 CALL GECIKME
Warning[203]: Found opcode in column 1. (CALL)
0012   2???           00036 CALL GECIKME
Warning[203]: Found opcode in column 1. (CALL)
0013   2???           00037 CALL GECIKME
Warning[204]: Found pseudo-op in column 1. (MOVFW)
0014   0825           00038 MOVFW N2_PORTB
Warning[203]: Found opcode in column 1. (MOVWF)
0015   00A3           00039 MOVWF N1_PORTB
Warning[203]: Found opcode in column 1. (CALL)
0016   2???           00040 CALL GECIKME
Warning[204]: Found pseudo-op in column 1. (MOVFW)
0017   0826           00041 MOVFW N2_PORTC
Warning[203]: Found opcode in column 1. (MOVWF)
0018   00A4           00042 MOVWF N1_PORTC
Warning[203]: Found opcode in column 1. (CALL)
0019   2???           00043 CALL GECIKME
Warning[204]: Found pseudo-op in column 1. (MOVFW)
001A   0827           00044 MOVFW    N3_PORTB
Warning[203]: Found opcode in column 1. (MOVWF)
001B   00A5           00045 MOVWF    N2_PORTB
Warning[203]: Found opcode in column 1. (CALL)
001C   2???           00046 CALL GECIKME
Warning[204]: Found pseudo-op in column 1. (MOVFW)
001D   0828           00047 MOVFW    N3_PORTC
Warning[203]: Found opcode in column 1. (MOVWF)
001E   00A6           00048 MOVWF    N2_PORTC
Warning[203]: Found opcode in column 1. (CALL)
001F   2???           00049 CALL GECIKME
Warning[203]: Found opcode in column 1. (RLF)
Message[305]: Using default destination of 1 (file).
0020   0DA7           00050 RLF             N3_PORTB
Warning[203]: Found opcode in column 1. (RETURN)
0021   0008           00051 RETURN
                      00052 
0022                  00053 SAG:
Warning[203]: Found opcode in column 1. (CALL)
0022   2???           00054 CALL GECIKME
Warning[203]: Found opcode in column 1. (CALL)
0023   2???           00055 CALL GECIKME
Warning[203]: Found opcode in column 1. (CALL)
0024   2???           00056 CALL GECIKME
Warning[204]: Found pseudo-op in column 1. (MOVFW)
MPASM  5.51                  SNAKEPROJESI.ASM   11-3-2019  19:57:12         PAGE  3


LOC  OBJECT CODE     LINE SOURCE TEXT
  VALUE

0025   0825           00057 MOVFW N2_PORTB
Warning[203]: Found opcode in column 1. (MOVWF)
0026   00A3           00058 MOVWF N1_PORTB
Warning[203]: Found opcode in column 1. (CALL)
0027   2???           00059 CALL GECIKME
Warning[204]: Found pseudo-op in column 1. (MOVFW)
0028   0826           00060 MOVFW N2_PORTC
Warning[203]: Found opcode in column 1. (MOVWF)
0029   00A4           00061 MOVWF N1_PORTC
Warning[203]: Found opcode in column 1. (CALL)
002A   2???           00062 CALL GECIKME
Warning[204]: Found pseudo-op in column 1. (MOVFW)
002B   0827           00063 MOVFW    N3_PORTB
Warning[203]: Found opcode in column 1. (MOVWF)
002C   00A5           00064 MOVWF    N2_PORTB
Warning[203]: Found opcode in column 1. (CALL)
002D   2???           00065 CALL GECIKME
Warning[204]: Found pseudo-op in column 1. (MOVFW)
002E   0828           00066 MOVFW    N3_PORTC
Warning[203]: Found opcode in column 1. (MOVWF)
002F   00A6           00067 MOVWF    N2_PORTC
Warning[203]: Found opcode in column 1. (CALL)
0030   2???           00068 CALL GECIKME
Warning[203]: Found opcode in column 1. (RLF)
Message[305]: Using default destination of 1 (file).
0031   0DA8           00069 RLF             N3_PORTC
Warning[203]: Found opcode in column 1. (RETURN)
0032   0008           00070 RETURN
                      00071 
0033                  00072 SOL:
Warning[203]: Found opcode in column 1. (CALL)
0033   2???           00073 CALL GECIKME
Warning[203]: Found opcode in column 1. (CALL)
0034   2???           00074 CALL GECIKME
Warning[203]: Found opcode in column 1. (CALL)
0035   2???           00075 CALL GECIKME
Warning[204]: Found pseudo-op in column 1. (MOVFW)
0036   0825           00076 MOVFW N2_PORTB
Warning[203]: Found opcode in column 1. (MOVWF)
0037   00A3           00077 MOVWF N1_PORTB
Warning[203]: Found opcode in column 1. (CALL)
0038   2???           00078 CALL GECIKME
Warning[204]: Found pseudo-op in column 1. (MOVFW)
0039   0826           00079 MOVFW N2_PORTC
Warning[203]: Found opcode in column 1. (MOVWF)
003A   00A4           00080 MOVWF N1_PORTC
Warning[203]: Found opcode in column 1. (CALL)
003B   2???           00081 CALL GECIKME
Warning[204]: Found pseudo-op in column 1. (MOVFW)
003C   0827           00082 MOVFW    N3_PORTB
Warning[203]: Found opcode in column 1. (MOVWF)
003D   00A5           00083 MOVWF    N2_PORTB
Warning[203]: Found opcode in column 1. (CALL)
MPASM  5.51                  SNAKEPROJESI.ASM   11-3-2019  19:57:12         PAGE  4


LOC  OBJECT CODE     LINE SOURCE TEXT
  VALUE

003E   2???           00084 CALL GECIKME
Warning[204]: Found pseudo-op in column 1. (MOVFW)
003F   0828           00085 MOVFW    N3_PORTC
Warning[203]: Found opcode in column 1. (MOVWF)
0040   00A6           00086 MOVWF    N2_PORTC
Warning[203]: Found opcode in column 1. (CALL)
0041   2???           00087 CALL GECIKME
Warning[203]: Found opcode in column 1. (RRF)
Message[305]: Using default destination of 1 (file).
0042   0CA8           00088 RRF             N3_PORTC
Warning[203]: Found opcode in column 1. (RETURN)
0043   0008           00089 RETURN
                      00090 
                      00091 
                      00092 
0044                  00093 PORT_AYARLA:
Warning[205]: Found directive in column 1. (BANKSEL)
0044   1683 1303      00094 BANKSEL TRISA
Warning[203]: Found opcode in column 1. (MOVLW)
0046   3006           00095 MOVLW 0X06
Warning[203]: Found opcode in column 1. (MOVWF)
Message[302]: Register in operand not in bank 0.  Ensure that bank bits are correct.
0047   009F           00096 MOVWF ADCON1
Warning[203]: Found opcode in column 1. (MOVLW)
0048   300F           00097 MOVLW b'00001111'
Warning[203]: Found opcode in column 1. (MOVWF)
Message[302]: Register in operand not in bank 0.  Ensure that bank bits are correct.
0049   0085           00098 MOVWF TRISA
Warning[203]: Found opcode in column 1. (MOVLW)
004A   30E0           00099 MOVLW b'11100000'
Warning[203]: Found opcode in column 1. (MOVWF)
Message[302]: Register in operand not in bank 0.  Ensure that bank bits are correct.
004B   0087           00100 MOVWF TRISC
                      00101 ;CLRF TRISC
Warning[203]: Found opcode in column 1. (MOVLW)
004C   3080           00102 MOVLW b'10000000'
Warning[203]: Found opcode in column 1. (MOVWF)
Message[302]: Register in operand not in bank 0.  Ensure that bank bits are correct.
004D   0086           00103 MOVWF TRISB
                      00104 ;CLRF TRISB
Warning[205]: Found directive in column 1. (BANKSEL)
004E   1283 1303      00105 BANKSEL PORTA
Warning[203]: Found opcode in column 1. (CLRF)
0050   0185           00106 CLRF    PORTA
Warning[203]: Found opcode in column 1. (CLRF)
0051   0186           00107 CLRF PORTB
Warning[203]: Found opcode in column 1. (CLRF)
0052   0187           00108 CLRF PORTC
                      00109 
0053                  00110 GECIKME:                                ; (herbir komut 4mhz de 1mikrosn) = 1 sn GEC?KME (yakla??k)
0053   30E7           00111         MOVLW   0xE7
0054   00A0           00112         MOVWF   GECIKME1        
                      00113         
MPASM  5.51                  SNAKEPROJESI.ASM   11-3-2019  19:57:12         PAGE  5


LOC  OBJECT CODE     LINE SOURCE TEXT
  VALUE

0055   3004           00114         MOVLW   0x04
0056   00A1           00115         MOVWF   GECIKME2
                      00116 
0057                  00117 DONGU1
0057   0BA0           00118         DECFSZ  GECIKME1,1
0058   2???           00119         GOTO    $+2
0059   0BA1           00120         DECFSZ  GECIKME2,1
                      00121 
                      00122 
005A   2???           00123         GOTO    DONGU1
                      00124         
005B   0000           00125         NOP
005C   0000           00126         NOP     
005D   0008           00127         RETURN
                      00128 
005E                  00129 BASLA:
Warning[203]: Found opcode in column 1. (MOVLW)
005E   3008           00130 MOVLW B'00001000'
Warning[203]: Found opcode in column 1. (MOVWF)
005F   00A3           00131 MOVWF N1_PORTB
Warning[203]: Found opcode in column 1. (MOVLW)
0060   3001           00132 MOVLW B'00000001'
Warning[203]: Found opcode in column 1. (MOVWF)
0061   00A4           00133 MOVWF N1_PORTC
Warning[203]: Found opcode in column 1. (MOVLW)
0062   3008           00134 MOVLW B'00001000'
Warning[203]: Found opcode in column 1. (MOVWF)
0063   00A5           00135 MOVWF N2_PORTB
Warning[203]: Found opcode in column 1. (MOVLW)
0064   3002           00136 MOVLW B'00000010'
Warning[203]: Found opcode in column 1. (MOVWF)
0065   00A6           00137 MOVWF N2_PORTC
Warning[203]: Found opcode in column 1. (MOVLW)
0066   3008           00138 MOVLW B'00001000'
Warning[203]: Found opcode in column 1. (MOVWF)
0067   00A7           00139 MOVWF N3_PORTB
Warning[203]: Found opcode in column 1. (MOVLW)
0068   3004           00140 MOVLW B'00000100'
Warning[203]: Found opcode in column 1. (MOVWF)
0069   00A8           00141 MOVWF N3_PORTC
Warning[203]: Found opcode in column 1. (CALL)
006A   2???           00142 CALL  PORT_AYARLA
                      00143 
                      00144 
006B                  00145 DD:
Warning[204]: Found pseudo-op in column 1. (MOVFW)
006B   0823           00146 MOVFW N1_PORTB
Warning[203]: Found opcode in column 1. (MOVWF)
006C   0086           00147 MOVWF PORTB
Warning[204]: Found pseudo-op in column 1. (MOVFW)
006D   0824           00148 MOVFW N1_PORTC
Warning[203]: Found opcode in column 1. (MOVWF)
006E   0087           00149 MOVWF PORTC
MPASM  5.51                  SNAKEPROJESI.ASM   11-3-2019  19:57:12         PAGE  6


LOC  OBJECT CODE     LINE SOURCE TEXT
  VALUE

Warning[203]: Found opcode in column 1. (CALL)
006F   2???           00150 CALL GECIKME
Warning[204]: Found pseudo-op in column 1. (MOVFW)
0070   0825           00151 MOVFW N2_PORTB
Warning[203]: Found opcode in column 1. (MOVWF)
0071   0086           00152 MOVWF PORTB
Warning[204]: Found pseudo-op in column 1. (MOVFW)
0072   0826           00153 MOVFW N2_PORTC
Warning[203]: Found opcode in column 1. (MOVWF)
0073   0087           00154 MOVWF PORTC
Warning[203]: Found opcode in column 1. (CALL)
0074   2???           00155 CALL GECIKME
Warning[204]: Found pseudo-op in column 1. (MOVFW)
0075   0827           00156 MOVFW N3_PORTB
Warning[203]: Found opcode in column 1. (MOVWF)
0076   0086           00157 MOVWF PORTB
Warning[204]: Found pseudo-op in column 1. (MOVFW)
0077   0828           00158 MOVFW N3_PORTC
Warning[203]: Found opcode in column 1. (MOVWF)
0078   0087           00159 MOVWF PORTC
Warning[203]: Found opcode in column 1. (CALL)
0079   2???           00160 CALL GECIKME
Warning[203]: Found opcode in column 1. (BTFSS)
007A   1C05           00161 BTFSS PORTA,0
Warning[203]: Found opcode in column 1. (CALL)
007B   2???           00162 CALL UP
Warning[203]: Found opcode in column 1. (BTFSS)
007C   1C85           00163 BTFSS PORTA,1
Warning[203]: Found opcode in column 1. (CALL)
007D   2???           00164 CALL DOWN
Warning[203]: Found opcode in column 1. (BTFSS)
007E   1D05           00165 BTFSS PORTA,2
Warning[203]: Found opcode in column 1. (CALL)
007F   2???           00166 CALL SAG
Warning[203]: Found opcode in column 1. (BTFSS)
0080   1D85           00167 BTFSS PORTA,3
Warning[203]: Found opcode in column 1. (CALL)
0081   2???           00168 CALL SOL
                      00169 
Warning[203]: Found opcode in column 1. (GOTO)
0082   2???           00170 GOTO DD
                      00171 
Warning[205]: Found directive in column 1. (END)
                      00172 END
MPASM  5.51                  SNAKEPROJESI.ASM   11-3-2019  19:57:12         PAGE  7


SYMBOL TABLE
  LABEL                             VALUE 

ACKDT                             00000005
ACKEN                             00000004
ACKSTAT                           00000006
ADCON0                            0000001F
ADCON1                            0000009F
ADCS0                             00000006
ADCS1                             00000007
ADCS2                             00000006
ADDEN                             00000003
ADFM                              00000007
ADIE                              00000006
ADIF                              00000006
ADON                              00000000
ADRESH                            0000001E
ADRESL                            0000009E
BASLA                             0000005E
BCLIE                             00000003
BCLIF                             00000003
BF                                00000000
BRGH                              00000002
C                                 00000000
C1INV                             00000004
C1OUT                             00000006
C2INV                             00000005
C2OUT                             00000007
CCP1CON                           00000017
CCP1IE                            00000002
CCP1IF                            00000002
CCP1M0                            00000000
CCP1M1                            00000001
CCP1M2                            00000002
CCP1M3                            00000003
CCP1X                             00000005
CCP1Y                             00000004
CCP2CON                           0000001D
CCP2IE                            00000000
CCP2IF                            00000000
CCP2M0                            00000000
CCP2M1                            00000001
CCP2M2                            00000002
CCP2M3                            00000003
CCP2X                             00000005
CCP2Y                             00000004
CCPR1                             00000015
CCPR1H                            00000016
CCPR1L                            00000015
CCPR2                             0000001B
CCPR2H                            0000001C
CCPR2L                            0000001B
CHS0                              00000003
CHS1                              00000004
CHS2                              00000005
CIS                               00000003
MPASM  5.51                  SNAKEPROJESI.ASM   11-3-2019  19:57:12         PAGE  8


SYMBOL TABLE
  LABEL                             VALUE 

CKE                               00000006
CKP                               00000004
CM0                               00000000
CM1                               00000001
CM2                               00000002
CMCON                             0000009C
CMIE                              00000006
CMIF                              00000006
CREN                              00000004
CSRC                              00000007
CVR0                              00000000
CVR1                              00000001
CVR2                              00000002
CVR3                              00000003
CVRCON                            0000009D
CVREN                             00000007
CVROE                             00000006
CVRR                              00000005
D                                 00000005
DATA_ADDRESS                      00000005
DC                                00000001
DD                                0000006B
DONGU1                            00000057
DOWN                              00000011
D_A                               00000005
D_NOT_A                           00000005
EEADR                             0000010D
EEADRH                            0000010F
EECON1                            0000018C
EECON2                            0000018D
EEDATA                            0000010C
EEDATH                            0000010E
EEIE                              00000004
EEIF                              00000004
EEPGD                             00000007
F                                 00000001
FERR                              00000002
FSR                               00000004
GCEN                              00000007
GECIKME                           00000053
GECIKME1                          00000020
GECIKME2                          00000021
GIE                               00000007
GO                                00000002
GO_DONE                           00000002
GO_NOT_DONE                       00000002
I2C_DATA                          00000005
I2C_READ                          00000002
I2C_START                         00000003
I2C_STOP                          00000004
IBF                               00000007
IBOV                              00000005
INDF                              00000000
MPASM  5.51                  SNAKEPROJESI.ASM   11-3-2019  19:57:12         PAGE  9


SYMBOL TABLE
  LABEL                             VALUE 

INTCON                            0000000B
INTE                              00000004
INTEDG                            00000006
INTF                              00000001
IRP                               00000007
N1_PORTB                          00000023
N1_PORTC                          00000024
N2_PORTB                          00000025
N2_PORTC                          00000026
N3_PORTB                          00000027
N3_PORTC                          00000028
NOT_A                             00000005
NOT_ADDRESS                       00000005
NOT_BO                            00000000
NOT_BOR                           00000000
NOT_DONE                          00000002
NOT_PD                            00000003
NOT_POR                           00000001
NOT_RBPU                          00000007
NOT_RC8                           00000006
NOT_T1SYNC                        00000002
NOT_TO                            00000004
NOT_TX8                           00000006
NOT_W                             00000002
NOT_WRITE                         00000002
OBF                               00000006
OERR                              00000001
OPTION_REG                        00000081
P                                 00000004
PCFG0                             00000000
PCFG1                             00000001
PCFG2                             00000002
PCFG3                             00000003
PCL                               00000002
PCLATH                            0000000A
PCON                              0000008E
PEIE                              00000006
PEN                               00000002
PIE1                              0000008C
PIE2                              0000008D
PIR1                              0000000C
PIR2                              0000000D
PORTA                             00000005
PORTB                             00000006
PORTC                             00000007
PORTD                             00000008
PORTE                             00000009
PORT_AYARLA                       00000044
PR2                               00000092
PS0                               00000000
PS1                               00000001
PS2                               00000002
PSA                               00000003
MPASM  5.51                  SNAKEPROJESI.ASM   11-3-2019  19:57:12         PAGE 10


SYMBOL TABLE
  LABEL                             VALUE 

PSPIE                             00000007
PSPIF                             00000007
PSPMODE                           00000004
R                                 00000002
RA0                               00000000
RA1                               00000001
RA2                               00000002
RA3                               00000003
RA4                               00000004
RA5                               00000005
RB0                               00000000
RB1                               00000001
RB2                               00000002
RB3                               00000003
RB4                               00000004
RB5                               00000005
RB6                               00000006
RB7                               00000007
RBIE                              00000003
RBIF                              00000000
RC0                               00000000
RC1                               00000001
RC2                               00000002
RC3                               00000003
RC4                               00000004
RC5                               00000005
RC6                               00000006
RC7                               00000007
RC8_9                             00000006
RC9                               00000006
RCD8                              00000000
RCEN                              00000003
RCIE                              00000005
RCIF                              00000005
RCREG                             0000001A
RCSTA                             00000018
RD                                00000000
RD0                               00000000
RD1                               00000001
RD2                               00000002
RD3                               00000003
RD4                               00000004
RD5                               00000005
RD6                               00000006
RD7                               00000007
RE0                               00000000
RE1                               00000001
RE2                               00000002
READ_WRITE                        00000002
RP0                               00000005
RP1                               00000006
RSEN                              00000001
RX9                               00000006
MPASM  5.51                  SNAKEPROJESI.ASM   11-3-2019  19:57:12         PAGE 11


SYMBOL TABLE
  LABEL                             VALUE 

RX9D                              00000000
R_NOT_W                           00000002
R_W                               00000002
S                                 00000003
SAG                               00000022
SEN                               00000000
SMP                               00000007
SOL                               00000033
SPBRG                             00000099
SPEN                              00000007
SREN                              00000005
SSPADD                            00000093
SSPBUF                            00000013
SSPCON                            00000014
SSPCON2                           00000091
SSPEN                             00000005
SSPIE                             00000003
SSPIF                             00000003
SSPM0                             00000000
SSPM1                             00000001
SSPM2                             00000002
SSPM3                             00000003
SSPOV                             00000006
SSPSTAT                           00000094
STATUS                            00000003
SYNC                              00000004
T0CS                              00000005
T0IE                              00000005
T0IF                              00000002
T0SE                              00000004
T1CKPS0                           00000004
T1CKPS1                           00000005
T1CON                             00000010
T1INSYNC                          00000002
T1OSCEN                           00000003
T1SYNC                            00000002
T2CKPS0                           00000000
T2CKPS1                           00000001
T2CON                             00000012
TMR0                              00000001
TMR0IE                            00000005
TMR0IF                            00000002
TMR1                              0000000E
TMR1CS                            00000001
TMR1H                             0000000F
TMR1IE                            00000000
TMR1IF                            00000000
TMR1L                             0000000E
TMR1ON                            00000000
TMR2                              00000011
TMR2IE                            00000001
TMR2IF                            00000001
TMR2ON                            00000002
MPASM  5.51                  SNAKEPROJESI.ASM   11-3-2019  19:57:12         PAGE 12


SYMBOL TABLE
  LABEL                             VALUE 

TOUTPS0                           00000003
TOUTPS1                           00000004
TOUTPS2                           00000005
TOUTPS3                           00000006
TRISA                             00000085
TRISA0                            00000000
TRISA1                            00000001
TRISA2                            00000002
TRISA3                            00000003
TRISA4                            00000004
TRISA5                            00000005
TRISB                             00000086
TRISB0                            00000000
TRISB1                            00000001
TRISB2                            00000002
TRISB3                            00000003
TRISB4                            00000004
TRISB5                            00000005
TRISB6                            00000006
TRISB7                            00000007
TRISC                             00000087
TRISC0                            00000000
TRISC1                            00000001
TRISC2                            00000002
TRISC3                            00000003
TRISC4                            00000004
TRISC5                            00000005
TRISC6                            00000006
TRISC7                            00000007
TRISD                             00000088
TRISD0                            00000000
TRISD1                            00000001
TRISD2                            00000002
TRISD3                            00000003
TRISD4                            00000004
TRISD5                            00000005
TRISD6                            00000006
TRISD7                            00000007
TRISE                             00000089
TRISE0                            00000000
TRISE1                            00000001
TRISE2                            00000002
TRMT                              00000001
TX8_9                             00000006
TX9                               00000006
TX9D                              00000000
TXD8                              00000000
TXEN                              00000005
TXIE                              00000004
TXIF                              00000004
TXREG                             00000019
TXSTA                             00000098
UA                                00000001
MPASM  5.51                  SNAKEPROJESI.ASM   11-3-2019  19:57:12         PAGE 13


SYMBOL TABLE
  LABEL                             VALUE 

UP                                00000002
W                                 00000000
WCOL                              00000007
WR                                00000001
WREN                              00000002
WRERR                             00000003
Z                                 00000002
_.org_0_0058                      00000058
_BODEN_OFF                        00003FBF
_BODEN_ON                         00003FFF
_BOREN_OFF                        00003FBF
_BOREN_ON                         00003FFF
_CONFIG                           00002007
_CPD_OFF                          00003FFF
_CPD_ON                           00003EFF
_CP_ALL                           00001FFF
_CP_OFF                           00003FFF
_CP_ON                            00001FFF
_DEBUG_OFF                        00003FFF
_DEBUG_ON                         000037FF
_DEVID1                           00002006
_FOSC_EXTRC                       00003FFF
_FOSC_HS                          00003FFE
_FOSC_LP                          00003FFC
_FOSC_XT                          00003FFD
_HS_OSC                           00003FFE
_IDLOC0                           00002000
_IDLOC1                           00002001
_IDLOC2                           00002002
_IDLOC3                           00002003
_LP_OSC                           00003FFC
_LVP_OFF                          00003F7F
_LVP_ON                           00003FFF
_PWRTE_OFF                        00003FFF
_PWRTE_ON                         00003FF7
_RC_OSC                           00003FFF
_WDTE_OFF                         00003FFB
_WDTE_ON                          00003FFF
_WDT_OFF                          00003FFB
_WDT_ON                           00003FFF
_WRT_1FOURTH                      00003BFF
_WRT_256                          00003DFF
_WRT_HALF                         000039FF
_WRT_OFF                          00003FFF
_XT_OSC                           00003FFD
__16F877A                         00000001

Errors   :     0
Warnings :   120 reported,     0 suppressed
Messages :     8 reported,     0 suppressed

