MPASM  5.51                           LSD.ASM   11-15-2019  19:56:36         PAGE  1


LOC  OBJECT CODE     LINE SOURCE TEXT
  VALUE

                      00001 #INCLUDE  <P16F877A.INC>
                      00001         LIST
                      00002 
                      00003 ;==========================================================================
                      00004 ;  MPASM PIC16F877A processor include
                      00005 ; 
                      00006 ;  (c) Copyright 1999-2013 Microchip Technology, All rights reserved
                      00007 ;==========================================================================
                      00008 
                      00566         LIST
Warning[205]: Found directive in column 1. (LIST)
                      00002 LIST            P=16F877A
                      00003 
Warning[205]: Found directive in column 1. (ORG)
                      00004 ORG             0X00
  00000020            00005 GECIKME1        EQU     0x20    ;GEC?KME 1. DONGU
  00000021            00006 GECIKME2        EQU     0x21    ;GECIKME 2. DONGU
  00000022            00007 GECIKME3        EQU     0x22    ;GECIKME 3.DONGU
                      00008 
  00000023            00009 DUSUK_4         EQU     0x23    ;4 BITLIK KOMUT GONDERIMINDE KULLANILACAK
  00000024            00010 VERI            EQU     0x24    ; 8 BITLIK LCD VERISI TUTULACAK
  00000025            00011 SATIR_KONUM     EQU     0x25    ; LCD EKRANIN GIDILECEK SATIR BILGISI
  00000026            00012 SUTUN_KONUM     EQU     0x26    ; LCD EKRANIN GIDILECEK SUTUN BILGISI
                      00013 
                      00014 
                      00015 
Warning[203]: Found opcode in column 1. (NOP)
0000   0000           00016 NOP
Warning[203]: Found opcode in column 1. (GOTO)
0001   2???           00017 GOTO            BASLA
                      00018 
Warning[205]: Found directive in column 1. (ORG)
                      00019 ORG             0X04
                      00020 
                      00021 
0004                  00022 GECIKME_200USN                          
0004   30C8           00023         MOVLW   0xC8
0005   00A0           00024         MOVWF   GECIKME1
0006                  00025 DNGU1
0006   0BA0           00026         DECFSZ  GECIKME1,1
0007   2???           00027         GOTO    DNGU1
0008   0008           00028         RETURN
                      00029         
Warning[207]: Found label after column 1. (GECIKME_5MSN)
0009                  00030         GECIKME_5MSN
0009   30E7           00031         movlw   0xE7
000A   00A0           00032         movwf   GECIKME1
000B   3004           00033         movlw   0x04
000C   00A1           00034         movwf   GECIKME2
000D                  00035 D5_D
000D   0BA0           00036         decfsz  GECIKME1, f
000E   2???           00037         goto    D5_D
000F   0BA1           00038         decfsz  GECIKME2, f
MPASM  5.51                           LSD.ASM   11-15-2019  19:56:36         PAGE  2


LOC  OBJECT CODE     LINE SOURCE TEXT
  VALUE

0010   2???           00039         goto    D5_D
0011   0008           00040         RETURN
                      00041 ;******************************************************************************************************
                      00042         
0012                  00043 GECIKME_50MSN
0012   300F           00044         movlw   0x0F
0013   00A0           00045         movwf   GECIKME1
0014   3028           00046         movlw   0x28
0015   00A1           00047         movwf   GECIKME2
0016                  00048 D50_D
0016   0BA0           00049         decfsz  GECIKME1, f
0017   2???           00050         goto    D50_D
0018   0BA1           00051         decfsz  GECIKME2, f
0019   2???           00052         goto    D50_D
001A   0008           00053         RETURN
                      00054         
001B                  00055 DUSEN_KENAR
001B   1283 1303      00056         BANKSEL PORTB
001D   1686           00057         BSF     PORTB,5         ;E UCUNU ONCE 1 YAP
001E   2???           00058         CALL    GECIKME_200USN  ;ASLINDA BU KADAR UZUN OLMAK ZORUNDA DEGIL
001F   1286           00059         BCF     PORTB,5         ; E UCUNU TEKRAR 0 YAP
0020   0008           00060         RETURN
                      00061         
Warning[207]: Found label after column 1. (KOMUT_4BIT)
0021                  00062         KOMUT_4BIT
                      00063         ; BU FONKSIYON 4 BITLIK KOMUT GONDERME ICIN KULLANILIR
                      00064         ;BURADA DIKKAT EDILMESI GEREKEN PORTB NIN AYAR BITLERINI DE ICEREN 4-7 NOLU BITLERININ DURUMLARI
                            NIN BOZULMAMASI
                      00065         ;GONDERILECEK 4 BIT BU FONKSIYON CAGRILMADAN    W YA YUKLENMELI. BUNLARI BIT BIT GONDERMEKTENSE 
                            MEVCUT PORTB NIN
                      00066         ;DEGERLI 4 BITI ILE GELEN W VERISININ 4 BITINI BIRLESTIR
                      00067         
0021   390F           00068         ANDLW   0x0F    ; W 'DAKI DEGERIN SADECE ILK DORT BITINI AL SAKLA
0022   00A3           00069         MOVWF   DUSUK_4
                      00070         
0023   0806           00071         MOVF    PORTB,W ; PORTB NIN EN DEGERLI 4 BITINI ALMAK ICIN W 'YA GETIR
0024   39F0           00072         ANDLW   0xF0    ; SADECE EN DEGERLI 4 BITI
                      00073         
0025   0423           00074         IORWF   DUSUK_4,W   ; ILK DORT BITI TUTAN DEGISKEN ILE PORTB NIN SON 4 UNU VEYA ISLEMI ILE BIRLE
                            STIR
                      00075         
0026   0086           00076         MOVWF   PORTB   ;BIRLESMIS VERIYI LCD YE GONDER. BOYLECE MEVCUT PORTB DURUMU KORUNMUS OLDU
                      00077         
0027   2???           00078         CALL    DUSEN_KENAR ; KOMUT GONDERMEK ICIN E UCUNAN DUSEN KENAR GONDER
0028   2???           00079         CALL    GECIKME_200USN
0029   0008           00080         RETURN
                      00081         
Warning[207]: Found label after column 1. (KOMUT_8BIT)
002A                  00082         KOMUT_8BIT
                      00083         ; BU FONKSIYON 8 BITLIK KOMUT GONDERMEK ICIN KULLANILACAK. CALISMASINDA YUKARIDAKI KOMUT_4 FONKS
                            IYONUNDAN
                      00084         ; FAYDALANACAK. BU FONKSIYON CAGRILDIGINDA GONDERILECEK VERI W 'YA YUKLENMIS OLMALI
                      00085         ; GONDERILECEK KOMUTUN ONCE EN DEGERLIKLI 4 BITI SONRA EN DEGERLIKSIZ 4 BITI GONDERILECEK
MPASM  5.51                           LSD.ASM   11-15-2019  19:56:36         PAGE  3


LOC  OBJECT CODE     LINE SOURCE TEXT
  VALUE

                      00086         ; ONCE EN DEGERLI 4 BITINI GONDERMEK ICIN SWAPF KOMUTU ILE SON 4 BIT BASA GETIRILIR
                      00087         
002A   00A4           00088         MOVWF   VERI    ; ONCE GONDERILECEK VERIYI SAKLA
002B   0E24           00089         SWAPF   VERI,W  ; GONDERILECEK VERININ ILK DOR VE SON DORT BITINI YER DEGISTIR VE W YA AT
                      00090         
002C   1283 1303      00091         BANKSEL PORTB
002E   1206           00092         BCF     PORTB,4 ; RS UCUNU 0 A CEK VE KOMUT GONDERECEGINI SOYLE
                      00093         
002F   2???           00094         CALL    KOMUT_4BIT  ; BU EN DEGERLIKLI 4 BITI YOLLA
                      00095         
0030   0824           00096         MOVF    VERI,W      ; SIMDI EN DEGERLIKSIZ 4 U GONDER ( VERI DEGISKENI NORMAL DURUMU TUTUYORDU)
0031   1206           00097         BCF     PORTB,4 ; RS UCUNU 0 A CEK VE KOMUT GONDERECEGINI SOYLE
0032   2???           00098         CALL    KOMUT_4BIT
                      00099         
0033   0008           00100         RETURN
0034                  00101 LCD_KARAKTER_YAZ
0034   00A4           00102         MOVWF   VERI    ; GELEN VERI ICIN SWAP ISLEMI YAPILACAGINDAN KORU
0035   0E24           00103         SWAPF   VERI,W      ; EN DEGERLIKLI BITLER ICIN SWAP YAP
0036   1283 1303      00104         BANKSEL PORTB
0038   1606           00105         BSF     PORTB,4     ; KARAKTER YAZMA ICIN RS=1
0039   2???           00106         CALL    KOMUT_4BIT  ; 4 BIT MODUNDA KARAKTERI GONDER
003A   0824           00107         MOVF    VERI,W      ; SIMDI NORMAL DUSUK DEGERLIKLI BITLERI GONDER
003B   2???           00108         CALL    KOMUT_4BIT
003C   0008           00109         RETURN
                      00110         
                      00111 ;****************************************************************************************************
003D                  00112 LCD_AYARLA
003D   1683 1303      00113         BANKSEL TRISB
Message[302]: Register in operand not in bank 0.  Ensure that bank bits are correct.
003F   0186           00114         CLRF    TRISB
                      00115         
0040   1283 1303      00116         BANKSEL PORTB
                      00117                 
0042   2???           00118         CALL    GECIKME_50MSN   ;LCD ILK ACILIS GECIKMESI
                      00119         
                      00120         
0043   1206           00121         BCF     PORTB,4         ;RS UCUNU 0 YAPARAK LCD YE KOMUT GONDERECEGINI SOYLE
                      00122         
0044   3003           00123         MOVLW   0x03
0045   2???           00124         CALL    KOMUT_4BIT
0046   2???           00125         CALL    GECIKME_5MSN
                      00126         
0047   2???           00127         CALL    DUSEN_KENAR
0048   2???           00128         CALL    GECIKME_200USN
0049   2???           00129         CALL    DUSEN_KENAR
004A   2???           00130         CALL    GECIKME_200USN
                      00131         
004B   1206           00132         BCF     PORTB,4
004C   3002           00133         MOVLW   0x02
004D   2???           00134         CALL    KOMUT_4BIT
004E   2???           00135         CALL    GECIKME_200USN
                      00136         
                      00137         
MPASM  5.51                           LSD.ASM   11-15-2019  19:56:36         PAGE  4


LOC  OBJECT CODE     LINE SOURCE TEXT
  VALUE

                      00138         
004F   3028           00139         MOVLW   0x28
0050   2???           00140         CALL    KOMUT_8BIT
                      00141         
0051   3010           00142         MOVLW   0x10            ; EKRAN AKTIF, IMLEC YAN SON
0052   2???           00143         CALL    KOMUT_8BIT
                      00144         
0053   3001           00145         MOVLW   0x01
0054   2???           00146         CALL    KOMUT_8BIT
                      00147         
0055   2???           00148         CALL    GECIKME_5MSN
                      00149         
0056   3006           00150         MOVLW   0x06
0057   2???           00151         CALL    KOMUT_8BIT
                      00152         
0058   300D           00153         MOVLW   0x0D
0059   2???           00154         CALL    KOMUT_8BIT
                      00155         
005A   0008           00156         RETURN
                      00157 ;*******************************************************************************************************
                      00158         
005B                  00159 KURSOR_KONUM
005B   3080           00160         MOVLW   0x80                ; EKRANIN ILK SATIR BIRINCI SUTUN NOKTA KOORDINATI 0x80 DIR
005C   08A5           00161         MOVF    SATIR_KONUM,1       ; KENDI UZERINE KOPYALA, EGER 0 ISE SIFIRINCI SATIRDA KAL
005D   1D03           00162         BTFSS   STATUS,Z            ; EGER DEGILSE IKINCI SATIR BASLANGIC ADRESI 0x80 DEN BASLA
005E   30C0           00163         MOVLW   0xC0
005F   0726           00164         ADDWF   SUTUN_KONUM,W       ; SATIR BELLI OLDU SUTUN SAYISINI EKLE VE KONUMA GIT
0060   2???           00165         CALL    KOMUT_8BIT
0061   0008           00166         RETURN
                      00167 
                      00168 ;*******************************************************************************************************
                      00169         
0062                  00170 BASLA
0062   2???           00171         CALL LCD_AYARLA
                      00172         
0063   3041           00173         MOVLW   .65
0064   2???           00174         CALL    LCD_KARAKTER_YAZ
                      00175         
0065   3020           00176         MOVLW   .32
0066   2???           00177         CALL    LCD_KARAKTER_YAZ
                      00178         
0067   3042           00179         MOVLW   .66
0068   2???           00180         CALL    LCD_KARAKTER_YAZ
                      00181         
0069   3020           00182         MOVLW   .32
006A   2???           00183         CALL    LCD_KARAKTER_YAZ
                      00184         
006B   3043           00185         MOVLW   .67
006C   2???           00186         CALL    LCD_KARAKTER_YAZ
                      00187         
006D   3001           00188         MOVLW   .1
006E   00A5           00189         MOVWF   SATIR_KONUM
006F   3000           00190         MOVLW   .0
MPASM  5.51                           LSD.ASM   11-15-2019  19:56:36         PAGE  5


LOC  OBJECT CODE     LINE SOURCE TEXT
  VALUE

0070   00A6           00191         MOVWF   SUTUN_KONUM
0071   2???           00192         CALL    KURSOR_KONUM
0072                  00193 GG
0072   2???           00194         GOTO    GG
                      00195         END                       ; Program sonu
MPASM  5.51                           LSD.ASM   11-15-2019  19:56:36         PAGE  6


SYMBOL TABLE
  LABEL                             VALUE 

ACKDT                             00000005
ACKEN                             00000004
ACKSTAT                           00000006
ADCON0                            0000001F
ADCON1                            0000009F
ADCS0                             00000006
ADCS1                             00000007
ADCS2                             00000006
ADDEN                             00000003
ADFM                              00000007
ADIE                              00000006
ADIF                              00000006
ADON                              00000000
ADRESH                            0000001E
ADRESL                            0000009E
BASLA                             00000062
BCLIE                             00000003
BCLIF                             00000003
BF                                00000000
BRGH                              00000002
C                                 00000000
C1INV                             00000004
C1OUT                             00000006
C2INV                             00000005
C2OUT                             00000007
CCP1CON                           00000017
CCP1IE                            00000002
CCP1IF                            00000002
CCP1M0                            00000000
CCP1M1                            00000001
CCP1M2                            00000002
CCP1M3                            00000003
CCP1X                             00000005
CCP1Y                             00000004
CCP2CON                           0000001D
CCP2IE                            00000000
CCP2IF                            00000000
CCP2M0                            00000000
CCP2M1                            00000001
CCP2M2                            00000002
CCP2M3                            00000003
CCP2X                             00000005
CCP2Y                             00000004
CCPR1                             00000015
CCPR1H                            00000016
CCPR1L                            00000015
CCPR2                             0000001B
CCPR2H                            0000001C
CCPR2L                            0000001B
CHS0                              00000003
CHS1                              00000004
CHS2                              00000005
CIS                               00000003
MPASM  5.51                           LSD.ASM   11-15-2019  19:56:36         PAGE  7


SYMBOL TABLE
  LABEL                             VALUE 

CKE                               00000006
CKP                               00000004
CM0                               00000000
CM1                               00000001
CM2                               00000002
CMCON                             0000009C
CMIE                              00000006
CMIF                              00000006
CREN                              00000004
CSRC                              00000007
CVR0                              00000000
CVR1                              00000001
CVR2                              00000002
CVR3                              00000003
CVRCON                            0000009D
CVREN                             00000007
CVROE                             00000006
CVRR                              00000005
D                                 00000005
D50_D                             00000016
D5_D                              0000000D
DATA_ADDRESS                      00000005
DC                                00000001
DNGU1                             00000006
DUSEN_KENAR                       0000001B
DUSUK_4                           00000023
D_A                               00000005
D_NOT_A                           00000005
EEADR                             0000010D
EEADRH                            0000010F
EECON1                            0000018C
EECON2                            0000018D
EEDATA                            0000010C
EEDATH                            0000010E
EEIE                              00000004
EEIF                              00000004
EEPGD                             00000007
F                                 00000001
FERR                              00000002
FSR                               00000004
GCEN                              00000007
GECIKME1                          00000020
GECIKME2                          00000021
GECIKME3                          00000022
GECIKME_200USN                    00000004
GECIKME_50MSN                     00000012
GECIKME_5MSN                      00000009
GG                                00000072
GIE                               00000007
GO                                00000002
GO_DONE                           00000002
GO_NOT_DONE                       00000002
I2C_DATA                          00000005
MPASM  5.51                           LSD.ASM   11-15-2019  19:56:36         PAGE  8


SYMBOL TABLE
  LABEL                             VALUE 

I2C_READ                          00000002
I2C_START                         00000003
I2C_STOP                          00000004
IBF                               00000007
IBOV                              00000005
INDF                              00000000
INTCON                            0000000B
INTE                              00000004
INTEDG                            00000006
INTF                              00000001
IRP                               00000007
KOMUT_4BIT                        00000021
KOMUT_8BIT                        0000002A
KURSOR_KONUM                      0000005B
LCD_AYARLA                        0000003D
LCD_KARAKTER_YAZ                  00000034
NOT_A                             00000005
NOT_ADDRESS                       00000005
NOT_BO                            00000000
NOT_BOR                           00000000
NOT_DONE                          00000002
NOT_PD                            00000003
NOT_POR                           00000001
NOT_RBPU                          00000007
NOT_RC8                           00000006
NOT_T1SYNC                        00000002
NOT_TO                            00000004
NOT_TX8                           00000006
NOT_W                             00000002
NOT_WRITE                         00000002
OBF                               00000006
OERR                              00000001
OPTION_REG                        00000081
P                                 00000004
PCFG0                             00000000
PCFG1                             00000001
PCFG2                             00000002
PCFG3                             00000003
PCL                               00000002
PCLATH                            0000000A
PCON                              0000008E
PEIE                              00000006
PEN                               00000002
PIE1                              0000008C
PIE2                              0000008D
PIR1                              0000000C
PIR2                              0000000D
PORTA                             00000005
PORTB                             00000006
PORTC                             00000007
PORTD                             00000008
PORTE                             00000009
PR2                               00000092
MPASM  5.51                           LSD.ASM   11-15-2019  19:56:36         PAGE  9


SYMBOL TABLE
  LABEL                             VALUE 

PS0                               00000000
PS1                               00000001
PS2                               00000002
PSA                               00000003
PSPIE                             00000007
PSPIF                             00000007
PSPMODE                           00000004
R                                 00000002
RA0                               00000000
RA1                               00000001
RA2                               00000002
RA3                               00000003
RA4                               00000004
RA5                               00000005
RB0                               00000000
RB1                               00000001
RB2                               00000002
RB3                               00000003
RB4                               00000004
RB5                               00000005
RB6                               00000006
RB7                               00000007
RBIE                              00000003
RBIF                              00000000
RC0                               00000000
RC1                               00000001
RC2                               00000002
RC3                               00000003
RC4                               00000004
RC5                               00000005
RC6                               00000006
RC7                               00000007
RC8_9                             00000006
RC9                               00000006
RCD8                              00000000
RCEN                              00000003
RCIE                              00000005
RCIF                              00000005
RCREG                             0000001A
RCSTA                             00000018
RD                                00000000
RD0                               00000000
RD1                               00000001
RD2                               00000002
RD3                               00000003
RD4                               00000004
RD5                               00000005
RD6                               00000006
RD7                               00000007
RE0                               00000000
RE1                               00000001
RE2                               00000002
READ_WRITE                        00000002
MPASM  5.51                           LSD.ASM   11-15-2019  19:56:36         PAGE 10


SYMBOL TABLE
  LABEL                             VALUE 

RP0                               00000005
RP1                               00000006
RSEN                              00000001
RX9                               00000006
RX9D                              00000000
R_NOT_W                           00000002
R_W                               00000002
S                                 00000003
SATIR_KONUM                       00000025
SEN                               00000000
SMP                               00000007
SPBRG                             00000099
SPEN                              00000007
SREN                              00000005
SSPADD                            00000093
SSPBUF                            00000013
SSPCON                            00000014
SSPCON2                           00000091
SSPEN                             00000005
SSPIE                             00000003
SSPIF                             00000003
SSPM0                             00000000
SSPM1                             00000001
SSPM2                             00000002
SSPM3                             00000003
SSPOV                             00000006
SSPSTAT                           00000094
STATUS                            00000003
SUTUN_KONUM                       00000026
SYNC                              00000004
T0CS                              00000005
T0IE                              00000005
T0IF                              00000002
T0SE                              00000004
T1CKPS0                           00000004
T1CKPS1                           00000005
T1CON                             00000010
T1INSYNC                          00000002
T1OSCEN                           00000003
T1SYNC                            00000002
T2CKPS0                           00000000
T2CKPS1                           00000001
T2CON                             00000012
TMR0                              00000001
TMR0IE                            00000005
TMR0IF                            00000002
TMR1                              0000000E
TMR1CS                            00000001
TMR1H                             0000000F
TMR1IE                            00000000
TMR1IF                            00000000
TMR1L                             0000000E
TMR1ON                            00000000
MPASM  5.51                           LSD.ASM   11-15-2019  19:56:36         PAGE 11


SYMBOL TABLE
  LABEL                             VALUE 

TMR2                              00000011
TMR2IE                            00000001
TMR2IF                            00000001
TMR2ON                            00000002
TOUTPS0                           00000003
TOUTPS1                           00000004
TOUTPS2                           00000005
TOUTPS3                           00000006
TRISA                             00000085
TRISA0                            00000000
TRISA1                            00000001
TRISA2                            00000002
TRISA3                            00000003
TRISA4                            00000004
TRISA5                            00000005
TRISB                             00000086
TRISB0                            00000000
TRISB1                            00000001
TRISB2                            00000002
TRISB3                            00000003
TRISB4                            00000004
TRISB5                            00000005
TRISB6                            00000006
TRISB7                            00000007
TRISC                             00000087
TRISC0                            00000000
TRISC1                            00000001
TRISC2                            00000002
TRISC3                            00000003
TRISC4                            00000004
TRISC5                            00000005
TRISC6                            00000006
TRISC7                            00000007
TRISD                             00000088
TRISD0                            00000000
TRISD1                            00000001
TRISD2                            00000002
TRISD3                            00000003
TRISD4                            00000004
TRISD5                            00000005
TRISD6                            00000006
TRISD7                            00000007
TRISE                             00000089
TRISE0                            00000000
TRISE1                            00000001
TRISE2                            00000002
TRMT                              00000001
TX8_9                             00000006
TX9                               00000006
TX9D                              00000000
TXD8                              00000000
TXEN                              00000005
TXIE                              00000004
MPASM  5.51                           LSD.ASM   11-15-2019  19:56:36         PAGE 12


SYMBOL TABLE
  LABEL                             VALUE 

TXIF                              00000004
TXREG                             00000019
TXSTA                             00000098
UA                                00000001
VERI                              00000024
W                                 00000000
WCOL                              00000007
WR                                00000001
WREN                              00000002
WRERR                             00000003
Z                                 00000002
_BODEN_OFF                        00003FBF
_BODEN_ON                         00003FFF
_BOREN_OFF                        00003FBF
_BOREN_ON                         00003FFF
_CONFIG                           00002007
_CPD_OFF                          00003FFF
_CPD_ON                           00003EFF
_CP_ALL                           00001FFF
_CP_OFF                           00003FFF
_CP_ON                            00001FFF
_DEBUG_OFF                        00003FFF
_DEBUG_ON                         000037FF
_DEVID1                           00002006
_FOSC_EXTRC                       00003FFF
_FOSC_HS                          00003FFE
_FOSC_LP                          00003FFC
_FOSC_XT                          00003FFD
_HS_OSC                           00003FFE
_IDLOC0                           00002000
_IDLOC1                           00002001
_IDLOC2                           00002002
_IDLOC3                           00002003
_LP_OSC                           00003FFC
_LVP_OFF                          00003F7F
_LVP_ON                           00003FFF
_PWRTE_OFF                        00003FFF
_PWRTE_ON                         00003FF7
_RC_OSC                           00003FFF
_WDTE_OFF                         00003FFB
_WDTE_ON                          00003FFF
_WDT_OFF                          00003FFB
_WDT_ON                           00003FFF
_WRT_1FOURTH                      00003BFF
_WRT_256                          00003DFF
_WRT_HALF                         000039FF
_WRT_OFF                          00003FFF
_XT_OSC                           00003FFD
__16F877A                         00000001

MPASM  5.51                           LSD.ASM   11-15-2019  19:56:36         PAGE 13





Errors   :     0
Warnings :     8 reported,     0 suppressed
Messages :     1 reported,     0 suppressed

