Warning[205] C:\USERS\SHANYU\DESKTOP\MPLAB PROJELER\SNAKE PROJESI\SNAKEPROJESI.ASM 2 : Found directive in column 1. (list)
Warning[205] C:\USERS\SHANYU\DESKTOP\MPLAB PROJELER\SNAKE PROJESI\SNAKEPROJESI.ASM 12 : Found directive in column 1. (ORG)
Warning[203] C:\USERS\SHANYU\DESKTOP\MPLAB PROJELER\SNAKE PROJESI\SNAKEPROJESI.ASM 14 : Found opcode in column 1. (GOTO)
Warning[203] C:\USERS\SHANYU\DESKTOP\MPLAB PROJELER\SNAKE PROJESI\SNAKEPROJESI.ASM 17 : Found opcode in column 1. (CALL)
Warning[203] C:\USERS\SHANYU\DESKTOP\MPLAB PROJELER\SNAKE PROJESI\SNAKEPROJESI.ASM 18 : Found opcode in column 1. (CALL)
Warning[203] C:\USERS\SHANYU\DESKTOP\MPLAB PROJELER\SNAKE PROJESI\SNAKEPROJESI.ASM 19 : Found opcode in column 1. (CALL)
Warning[204] C:\USERS\SHANYU\DESKTOP\MPLAB PROJELER\SNAKE PROJESI\SNAKEPROJESI.ASM 20 : Found pseudo-op in column 1. (MOVFW)
Warning[203] C:\USERS\SHANYU\DESKTOP\MPLAB PROJELER\SNAKE PROJESI\SNAKEPROJESI.ASM 21 : Found opcode in column 1. (MOVWF)
Warning[204] C:\USERS\SHANYU\DESKTOP\MPLAB PROJELER\SNAKE PROJESI\SNAKEPROJESI.ASM 22 : Found pseudo-op in column 1. (MOVFW)
Warning[203] C:\USERS\SHANYU\DESKTOP\MPLAB PROJELER\SNAKE PROJESI\SNAKEPROJESI.ASM 23 : Found opcode in column 1. (MOVWF)
Warning[203] C:\USERS\SHANYU\DESKTOP\MPLAB PROJELER\SNAKE PROJESI\SNAKEPROJESI.ASM 24 : Found opcode in column 1. (CALL)
Warning[204] C:\USERS\SHANYU\DESKTOP\MPLAB PROJELER\SNAKE PROJESI\SNAKEPROJESI.ASM 25 : Found pseudo-op in column 1. (MOVFW)
Warning[203] C:\USERS\SHANYU\DESKTOP\MPLAB PROJELER\SNAKE PROJESI\SNAKEPROJESI.ASM 26 : Found opcode in column 1. (MOVWF)
Warning[204] C:\USERS\SHANYU\DESKTOP\MPLAB PROJELER\SNAKE PROJESI\SNAKEPROJESI.ASM 27 : Found pseudo-op in column 1. (MOVFW)
Warning[203] C:\USERS\SHANYU\DESKTOP\MPLAB PROJELER\SNAKE PROJESI\SNAKEPROJESI.ASM 28 : Found opcode in column 1. (MOVWF)
Warning[203] C:\USERS\SHANYU\DESKTOP\MPLAB PROJELER\SNAKE PROJESI\SNAKEPROJESI.ASM 29 : Found opcode in column 1. (CALL)
Warning[203] C:\USERS\SHANYU\DESKTOP\MPLAB PROJELER\SNAKE PROJESI\SNAKEPROJESI.ASM 30 : Found opcode in column 1. (RRF)
Message[305] C:\USERS\SHANYU\DESKTOP\MPLAB PROJELER\SNAKE PROJESI\SNAKEPROJESI.ASM 30 : Using default destination of 1 (file).
Warning[203] C:\USERS\SHANYU\DESKTOP\MPLAB PROJELER\SNAKE PROJESI\SNAKEPROJESI.ASM 32 : Found opcode in column 1. (RETURN)
Warning[203] C:\USERS\SHANYU\DESKTOP\MPLAB PROJELER\SNAKE PROJESI\SNAKEPROJESI.ASM 35 : Found opcode in column 1. (CALL)
Warning[203] C:\USERS\SHANYU\DESKTOP\MPLAB PROJELER\SNAKE PROJESI\SNAKEPROJESI.ASM 36 : Found opcode in column 1. (CALL)
Warning[203] C:\USERS\SHANYU\DESKTOP\MPLAB PROJELER\SNAKE PROJESI\SNAKEPROJESI.ASM 37 : Found opcode in column 1. (CALL)
Warning[204] C:\USERS\SHANYU\DESKTOP\MPLAB PROJELER\SNAKE PROJESI\SNAKEPROJESI.ASM 38 : Found pseudo-op in column 1. (MOVFW)
Warning[203] C:\USERS\SHANYU\DESKTOP\MPLAB PROJELER\SNAKE PROJESI\SNAKEPROJESI.ASM 39 : Found opcode in column 1. (MOVWF)
Warning[203] C:\USERS\SHANYU\DESKTOP\MPLAB PROJELER\SNAKE PROJESI\SNAKEPROJESI.ASM 40 : Found opcode in column 1. (CALL)
Warning[204] C:\USERS\SHANYU\DESKTOP\MPLAB PROJELER\SNAKE PROJESI\SNAKEPROJESI.ASM 41 : Found pseudo-op in column 1. (MOVFW)
Warning[203] C:\USERS\SHANYU\DESKTOP\MPLAB PROJELER\SNAKE PROJESI\SNAKEPROJESI.ASM 42 : Found opcode in column 1. (MOVWF)
Warning[203] C:\USERS\SHANYU\DESKTOP\MPLAB PROJELER\SNAKE PROJESI\SNAKEPROJESI.ASM 43 : Found opcode in column 1. (CALL)
Warning[204] C:\USERS\SHANYU\DESKTOP\MPLAB PROJELER\SNAKE PROJESI\SNAKEPROJESI.ASM 44 : Found pseudo-op in column 1. (MOVFW)
Warning[203] C:\USERS\SHANYU\DESKTOP\MPLAB PROJELER\SNAKE PROJESI\SNAKEPROJESI.ASM 45 : Found opcode in column 1. (MOVWF)
Warning[203] C:\USERS\SHANYU\DESKTOP\MPLAB PROJELER\SNAKE PROJESI\SNAKEPROJESI.ASM 46 : Found opcode in column 1. (CALL)
Warning[204] C:\USERS\SHANYU\DESKTOP\MPLAB PROJELER\SNAKE PROJESI\SNAKEPROJESI.ASM 47 : Found pseudo-op in column 1. (MOVFW)
Warning[203] C:\USERS\SHANYU\DESKTOP\MPLAB PROJELER\SNAKE PROJESI\SNAKEPROJESI.ASM 48 : Found opcode in column 1. (MOVWF)
Warning[203] C:\USERS\SHANYU\DESKTOP\MPLAB PROJELER\SNAKE PROJESI\SNAKEPROJESI.ASM 49 : Found opcode in column 1. (CALL)
Warning[203] C:\USERS\SHANYU\DESKTOP\MPLAB PROJELER\SNAKE PROJESI\SNAKEPROJESI.ASM 50 : Found opcode in column 1. (RLF)
Message[305] C:\USERS\SHANYU\DESKTOP\MPLAB PROJELER\SNAKE PROJESI\SNAKEPROJESI.ASM 50 : Using default destination of 1 (file).
Warning[203] C:\USERS\SHANYU\DESKTOP\MPLAB PROJELER\SNAKE PROJESI\SNAKEPROJESI.ASM 51 : Found opcode in column 1. (RETURN)
Warning[203] C:\USERS\SHANYU\DESKTOP\MPLAB PROJELER\SNAKE PROJESI\SNAKEPROJESI.ASM 54 : Found opcode in column 1. (CALL)
Warning[203] C:\USERS\SHANYU\DESKTOP\MPLAB PROJELER\SNAKE PROJESI\SNAKEPROJESI.ASM 55 : Found opcode in column 1. (CALL)
Warning[203] C:\USERS\SHANYU\DESKTOP\MPLAB PROJELER\SNAKE PROJESI\SNAKEPROJESI.ASM 56 : Found opcode in column 1. (CALL)
Warning[204] C:\USERS\SHANYU\DESKTOP\MPLAB PROJELER\SNAKE PROJESI\SNAKEPROJESI.ASM 57 : Found pseudo-op in column 1. (MOVFW)
Warning[203] C:\USERS\SHANYU\DESKTOP\MPLAB PROJELER\SNAKE PROJESI\SNAKEPROJESI.ASM 58 : Found opcode in column 1. (MOVWF)
Warning[203] C:\USERS\SHANYU\DESKTOP\MPLAB PROJELER\SNAKE PROJESI\SNAKEPROJESI.ASM 59 : Found opcode in column 1. (CALL)
Warning[204] C:\USERS\SHANYU\DESKTOP\MPLAB PROJELER\SNAKE PROJESI\SNAKEPROJESI.ASM 60 : Found pseudo-op in column 1. (MOVFW)
Warning[203] C:\USERS\SHANYU\DESKTOP\MPLAB PROJELER\SNAKE PROJESI\SNAKEPROJESI.ASM 61 : Found opcode in column 1. (MOVWF)
Warning[203] C:\USERS\SHANYU\DESKTOP\MPLAB PROJELER\SNAKE PROJESI\SNAKEPROJESI.ASM 62 : Found opcode in column 1. (CALL)
Warning[204] C:\USERS\SHANYU\DESKTOP\MPLAB PROJELER\SNAKE PROJESI\SNAKEPROJESI.ASM 63 : Found pseudo-op in column 1. (MOVFW)
Warning[203] C:\USERS\SHANYU\DESKTOP\MPLAB PROJELER\SNAKE PROJESI\SNAKEPROJESI.ASM 64 : Found opcode in column 1. (MOVWF)
Warning[203] C:\USERS\SHANYU\DESKTOP\MPLAB PROJELER\SNAKE PROJESI\SNAKEPROJESI.ASM 65 : Found opcode in column 1. (CALL)
Warning[204] C:\USERS\SHANYU\DESKTOP\MPLAB PROJELER\SNAKE PROJESI\SNAKEPROJESI.ASM 66 : Found pseudo-op in column 1. (MOVFW)
Warning[203] C:\USERS\SHANYU\DESKTOP\MPLAB PROJELER\SNAKE PROJESI\SNAKEPROJESI.ASM 67 : Found opcode in column 1. (MOVWF)
Warning[203] C:\USERS\SHANYU\DESKTOP\MPLAB PROJELER\SNAKE PROJESI\SNAKEPROJESI.ASM 68 : Found opcode in column 1. (CALL)
Warning[203] C:\USERS\SHANYU\DESKTOP\MPLAB PROJELER\SNAKE PROJESI\SNAKEPROJESI.ASM 69 : Found opcode in column 1. (RLF)
Message[305] C:\USERS\SHANYU\DESKTOP\MPLAB PROJELER\SNAKE PROJESI\SNAKEPROJESI.ASM 69 : Using default destination of 1 (file).
Warning[203] C:\USERS\SHANYU\DESKTOP\MPLAB PROJELER\SNAKE PROJESI\SNAKEPROJESI.ASM 70 : Found opcode in column 1. (RETURN)
Warning[203] C:\USERS\SHANYU\DESKTOP\MPLAB PROJELER\SNAKE PROJESI\SNAKEPROJESI.ASM 73 : Found opcode in column 1. (CALL)
Warning[203] C:\USERS\SHANYU\DESKTOP\MPLAB PROJELER\SNAKE PROJESI\SNAKEPROJESI.ASM 74 : Found opcode in column 1. (CALL)
Warning[203] C:\USERS\SHANYU\DESKTOP\MPLAB PROJELER\SNAKE PROJESI\SNAKEPROJESI.ASM 75 : Found opcode in column 1. (CALL)
Warning[204] C:\USERS\SHANYU\DESKTOP\MPLAB PROJELER\SNAKE PROJESI\SNAKEPROJESI.ASM 76 : Found pseudo-op in column 1. (MOVFW)
Warning[203] C:\USERS\SHANYU\DESKTOP\MPLAB PROJELER\SNAKE PROJESI\SNAKEPROJESI.ASM 77 : Found opcode in column 1. (MOVWF)
Warning[203] C:\USERS\SHANYU\DESKTOP\MPLAB PROJELER\SNAKE PROJESI\SNAKEPROJESI.ASM 78 : Found opcode in column 1. (CALL)
Warning[204] C:\USERS\SHANYU\DESKTOP\MPLAB PROJELER\SNAKE PROJESI\SNAKEPROJESI.ASM 79 : Found pseudo-op in column 1. (MOVFW)
Warning[203] C:\USERS\SHANYU\DESKTOP\MPLAB PROJELER\SNAKE PROJESI\SNAKEPROJESI.ASM 80 : Found opcode in column 1. (MOVWF)
Warning[203] C:\USERS\SHANYU\DESKTOP\MPLAB PROJELER\SNAKE PROJESI\SNAKEPROJESI.ASM 81 : Found opcode in column 1. (CALL)
Warning[204] C:\USERS\SHANYU\DESKTOP\MPLAB PROJELER\SNAKE PROJESI\SNAKEPROJESI.ASM 82 : Found pseudo-op in column 1. (MOVFW)
Warning[203] C:\USERS\SHANYU\DESKTOP\MPLAB PROJELER\SNAKE PROJESI\SNAKEPROJESI.ASM 83 : Found opcode in column 1. (MOVWF)
Warning[203] C:\USERS\SHANYU\DESKTOP\MPLAB PROJELER\SNAKE PROJESI\SNAKEPROJESI.ASM 84 : Found opcode in column 1. (CALL)
Warning[204] C:\USERS\SHANYU\DESKTOP\MPLAB PROJELER\SNAKE PROJESI\SNAKEPROJESI.ASM 85 : Found pseudo-op in column 1. (MOVFW)
Warning[203] C:\USERS\SHANYU\DESKTOP\MPLAB PROJELER\SNAKE PROJESI\SNAKEPROJESI.ASM 86 : Found opcode in column 1. (MOVWF)
Warning[203] C:\USERS\SHANYU\DESKTOP\MPLAB PROJELER\SNAKE PROJESI\SNAKEPROJESI.ASM 87 : Found opcode in column 1. (CALL)
Warning[203] C:\USERS\SHANYU\DESKTOP\MPLAB PROJELER\SNAKE PROJESI\SNAKEPROJESI.ASM 88 : Found opcode in column 1. (RRF)
Message[305] C:\USERS\SHANYU\DESKTOP\MPLAB PROJELER\SNAKE PROJESI\SNAKEPROJESI.ASM 88 : Using default destination of 1 (file).
Warning[203] C:\USERS\SHANYU\DESKTOP\MPLAB PROJELER\SNAKE PROJESI\SNAKEPROJESI.ASM 89 : Found opcode in column 1. (RETURN)
Warning[205] C:\USERS\SHANYU\DESKTOP\MPLAB PROJELER\SNAKE PROJESI\SNAKEPROJESI.ASM 94 : Found directive in column 1. (BANKSEL)
Warning[203] C:\USERS\SHANYU\DESKTOP\MPLAB PROJELER\SNAKE PROJESI\SNAKEPROJESI.ASM 95 : Found opcode in column 1. (MOVLW)
Warning[203] C:\USERS\SHANYU\DESKTOP\MPLAB PROJELER\SNAKE PROJESI\SNAKEPROJESI.ASM 96 : Found opcode in column 1. (MOVWF)
Message[302] C:\USERS\SHANYU\DESKTOP\MPLAB PROJELER\SNAKE PROJESI\SNAKEPROJESI.ASM 96 : Register in operand not in bank 0.  Ensure that bank bits are correct.
Warning[203] C:\USERS\SHANYU\DESKTOP\MPLAB PROJELER\SNAKE PROJESI\SNAKEPROJESI.ASM 97 : Found opcode in column 1. (MOVLW)
Warning[203] C:\USERS\SHANYU\DESKTOP\MPLAB PROJELER\SNAKE PROJESI\SNAKEPROJESI.ASM 98 : Found opcode in column 1. (MOVWF)
Message[302] C:\USERS\SHANYU\DESKTOP\MPLAB PROJELER\SNAKE PROJESI\SNAKEPROJESI.ASM 98 : Register in operand not in bank 0.  Ensure that bank bits are correct.
Warning[203] C:\USERS\SHANYU\DESKTOP\MPLAB PROJELER\SNAKE PROJESI\SNAKEPROJESI.ASM 99 : Found opcode in column 1. (MOVLW)
Warning[203] C:\USERS\SHANYU\DESKTOP\MPLAB PROJELER\SNAKE PROJESI\SNAKEPROJESI.ASM 100 : Found opcode in column 1. (MOVWF)
Message[302] C:\USERS\SHANYU\DESKTOP\MPLAB PROJELER\SNAKE PROJESI\SNAKEPROJESI.ASM 100 : Register in operand not in bank 0.  Ensure that bank bits are correct.
Warning[203] C:\USERS\SHANYU\DESKTOP\MPLAB PROJELER\SNAKE PROJESI\SNAKEPROJESI.ASM 102 : Found opcode in column 1. (MOVLW)
Warning[203] C:\USERS\SHANYU\DESKTOP\MPLAB PROJELER\SNAKE PROJESI\SNAKEPROJESI.ASM 103 : Found opcode in column 1. (MOVWF)
Message[302] C:\USERS\SHANYU\DESKTOP\MPLAB PROJELER\SNAKE PROJESI\SNAKEPROJESI.ASM 103 : Register in operand not in bank 0.  Ensure that bank bits are correct.
Warning[205] C:\USERS\SHANYU\DESKTOP\MPLAB PROJELER\SNAKE PROJESI\SNAKEPROJESI.ASM 105 : Found directive in column 1. (BANKSEL)
Warning[203] C:\USERS\SHANYU\DESKTOP\MPLAB PROJELER\SNAKE PROJESI\SNAKEPROJESI.ASM 106 : Found opcode in column 1. (CLRF)
Warning[203] C:\USERS\SHANYU\DESKTOP\MPLAB PROJELER\SNAKE PROJESI\SNAKEPROJESI.ASM 107 : Found opcode in column 1. (CLRF)
Warning[203] C:\USERS\SHANYU\DESKTOP\MPLAB PROJELER\SNAKE PROJESI\SNAKEPROJESI.ASM 108 : Found opcode in column 1. (CLRF)
Warning[203] C:\USERS\SHANYU\DESKTOP\MPLAB PROJELER\SNAKE PROJESI\SNAKEPROJESI.ASM 130 : Found opcode in column 1. (MOVLW)
Warning[203] C:\USERS\SHANYU\DESKTOP\MPLAB PROJELER\SNAKE PROJESI\SNAKEPROJESI.ASM 131 : Found opcode in column 1. (MOVWF)
Warning[203] C:\USERS\SHANYU\DESKTOP\MPLAB PROJELER\SNAKE PROJESI\SNAKEPROJESI.ASM 132 : Found opcode in column 1. (MOVLW)
Warning[203] C:\USERS\SHANYU\DESKTOP\MPLAB PROJELER\SNAKE PROJESI\SNAKEPROJESI.ASM 133 : Found opcode in column 1. (MOVWF)
Warning[203] C:\USERS\SHANYU\DESKTOP\MPLAB PROJELER\SNAKE PROJESI\SNAKEPROJESI.ASM 134 : Found opcode in column 1. (MOVLW)
Warning[203] C:\USERS\SHANYU\DESKTOP\MPLAB PROJELER\SNAKE PROJESI\SNAKEPROJESI.ASM 135 : Found opcode in column 1. (MOVWF)
Warning[203] C:\USERS\SHANYU\DESKTOP\MPLAB PROJELER\SNAKE PROJESI\SNAKEPROJESI.ASM 136 : Found opcode in column 1. (MOVLW)
Warning[203] C:\USERS\SHANYU\DESKTOP\MPLAB PROJELER\SNAKE PROJESI\SNAKEPROJESI.ASM 137 : Found opcode in column 1. (MOVWF)
Warning[203] C:\USERS\SHANYU\DESKTOP\MPLAB PROJELER\SNAKE PROJESI\SNAKEPROJESI.ASM 138 : Found opcode in column 1. (MOVLW)
Warning[203] C:\USERS\SHANYU\DESKTOP\MPLAB PROJELER\SNAKE PROJESI\SNAKEPROJESI.ASM 139 : Found opcode in column 1. (MOVWF)
Warning[203] C:\USERS\SHANYU\DESKTOP\MPLAB PROJELER\SNAKE PROJESI\SNAKEPROJESI.ASM 140 : Found opcode in column 1. (MOVLW)
Warning[203] C:\USERS\SHANYU\DESKTOP\MPLAB PROJELER\SNAKE PROJESI\SNAKEPROJESI.ASM 141 : Found opcode in column 1. (MOVWF)
Warning[203] C:\USERS\SHANYU\DESKTOP\MPLAB PROJELER\SNAKE PROJESI\SNAKEPROJESI.ASM 142 : Found opcode in column 1. (CALL)
Warning[204] C:\USERS\SHANYU\DESKTOP\MPLAB PROJELER\SNAKE PROJESI\SNAKEPROJESI.ASM 146 : Found pseudo-op in column 1. (MOVFW)
Warning[203] C:\USERS\SHANYU\DESKTOP\MPLAB PROJELER\SNAKE PROJESI\SNAKEPROJESI.ASM 147 : Found opcode in column 1. (MOVWF)
Warning[204] C:\USERS\SHANYU\DESKTOP\MPLAB PROJELER\SNAKE PROJESI\SNAKEPROJESI.ASM 148 : Found pseudo-op in column 1. (MOVFW)
Warning[203] C:\USERS\SHANYU\DESKTOP\MPLAB PROJELER\SNAKE PROJESI\SNAKEPROJESI.ASM 149 : Found opcode in column 1. (MOVWF)
Warning[203] C:\USERS\SHANYU\DESKTOP\MPLAB PROJELER\SNAKE PROJESI\SNAKEPROJESI.ASM 150 : Found opcode in column 1. (CALL)
Warning[204] C:\USERS\SHANYU\DESKTOP\MPLAB PROJELER\SNAKE PROJESI\SNAKEPROJESI.ASM 151 : Found pseudo-op in column 1. (MOVFW)
Warning[203] C:\USERS\SHANYU\DESKTOP\MPLAB PROJELER\SNAKE PROJESI\SNAKEPROJESI.ASM 152 : Found opcode in column 1. (MOVWF)
Warning[204] C:\USERS\SHANYU\DESKTOP\MPLAB PROJELER\SNAKE PROJESI\SNAKEPROJESI.ASM 153 : Found pseudo-op in column 1. (MOVFW)
Warning[203] C:\USERS\SHANYU\DESKTOP\MPLAB PROJELER\SNAKE PROJESI\SNAKEPROJESI.ASM 154 : Found opcode in column 1. (MOVWF)
Warning[203] C:\USERS\SHANYU\DESKTOP\MPLAB PROJELER\SNAKE PROJESI\SNAKEPROJESI.ASM 155 : Found opcode in column 1. (CALL)
Warning[204] C:\USERS\SHANYU\DESKTOP\MPLAB PROJELER\SNAKE PROJESI\SNAKEPROJESI.ASM 156 : Found pseudo-op in column 1. (MOVFW)
Warning[203] C:\USERS\SHANYU\DESKTOP\MPLAB PROJELER\SNAKE PROJESI\SNAKEPROJESI.ASM 157 : Found opcode in column 1. (MOVWF)
Warning[204] C:\USERS\SHANYU\DESKTOP\MPLAB PROJELER\SNAKE PROJESI\SNAKEPROJESI.ASM 158 : Found pseudo-op in column 1. (MOVFW)
Warning[203] C:\USERS\SHANYU\DESKTOP\MPLAB PROJELER\SNAKE PROJESI\SNAKEPROJESI.ASM 159 : Found opcode in column 1. (MOVWF)
Warning[203] C:\USERS\SHANYU\DESKTOP\MPLAB PROJELER\SNAKE PROJESI\SNAKEPROJESI.ASM 160 : Found opcode in column 1. (CALL)
Warning[203] C:\USERS\SHANYU\DESKTOP\MPLAB PROJELER\SNAKE PROJESI\SNAKEPROJESI.ASM 161 : Found opcode in column 1. (BTFSS)
Warning[203] C:\USERS\SHANYU\DESKTOP\MPLAB PROJELER\SNAKE PROJESI\SNAKEPROJESI.ASM 162 : Found opcode in column 1. (CALL)
Warning[203] C:\USERS\SHANYU\DESKTOP\MPLAB PROJELER\SNAKE PROJESI\SNAKEPROJESI.ASM 163 : Found opcode in column 1. (BTFSS)
Warning[203] C:\USERS\SHANYU\DESKTOP\MPLAB PROJELER\SNAKE PROJESI\SNAKEPROJESI.ASM 164 : Found opcode in column 1. (CALL)
Warning[203] C:\USERS\SHANYU\DESKTOP\MPLAB PROJELER\SNAKE PROJESI\SNAKEPROJESI.ASM 165 : Found opcode in column 1. (BTFSS)
Warning[203] C:\USERS\SHANYU\DESKTOP\MPLAB PROJELER\SNAKE PROJESI\SNAKEPROJESI.ASM 166 : Found opcode in column 1. (CALL)
Warning[203] C:\USERS\SHANYU\DESKTOP\MPLAB PROJELER\SNAKE PROJESI\SNAKEPROJESI.ASM 167 : Found opcode in column 1. (BTFSS)
Warning[203] C:\USERS\SHANYU\DESKTOP\MPLAB PROJELER\SNAKE PROJESI\SNAKEPROJESI.ASM 168 : Found opcode in column 1. (CALL)
Warning[203] C:\USERS\SHANYU\DESKTOP\MPLAB PROJELER\SNAKE PROJESI\SNAKEPROJESI.ASM 170 : Found opcode in column 1. (GOTO)
Warning[205] C:\USERS\SHANYU\DESKTOP\MPLAB PROJELER\SNAKE PROJESI\SNAKEPROJESI.ASM 172 : Found directive in column 1. (END)
