MPASM 5.84  /USERS/NURULLAH/MPLABXPROJECTS/O   12-9-2019  1:06:44         PAGE  1


LOC  OBJECT CODE     LINE SOURCE TEXT
  VALUE

                      00001 #INCLUDE  <P16F877A.INC>
                      00001         LIST
                      00002 
                      00003 ;==========================================================================
                      00004 ; Build date : Mar 17 2019
                      00005 ;  MPASM PIC16F877A processor include
                      00006 ; 
                      00007 ;  (c) Copyright 1999-2019 Microchip Technology, All rights reserved
                      00008 ;==========================================================================
                      00009 
                      00567         LIST
Warning[205]: Found directive in column 1. (LIST)
                      00002 LIST            P=16F877A
                      00003 
Warning[205]: Found directive in column 1. (ORG)
                      00004 ORG             0X00
  00000020            00005 GECIKME1        EQU     0x20    ; GEC?KME 1. DONGU
  00000021            00006 GECIKME2        EQU     0x21    ; GECIKME 2. DONGU
  00000022            00007 GECIKME3        EQU     0x22    ; GECIKME 3.DONGU
                      00008 
  00000023            00009 DUSUK_4         EQU     0x23    ; 4 BITLIK KOMUT GONDERIMINDE KULLANILACAK
  00000024            00010 VERI            EQU     0x24    ; 8 BITLIK LCD VERISI TUTULACAK
  00000025            00011 SATIR_KONUM     EQU     0x25    ; LCD EKRANIN GIDILECEK SATIR BILGISI
  00000026            00012 SUTUN_KONUM     EQU     0x26    ; LCD EKRANIN GIDILECEK SUTUN BILGISI
                      00013 
  00000027            00014 ILK_DEGER       EQU     0X27
  00000028            00015 SON_DEGER       EQU     0X28    
  00000029            00016 ISLEM_REG       EQU     0X29
  0000002A            00017 BIRLER          EQU     0X2A
  0000002B            00018 ONLAR           EQU     0X2B
  0000002C            00019 YUZLER          EQU     0X2C
  0000002D            00020 ARA             EQU     0X2D
  0000002E            00021 SONUC           EQU     0X2E
  0000002F            00022 OKUNAN_DEGER    EQU     0X2F
                      00023                 
Warning[203]: Found opcode in column 1. (CALL)
0000   2???           00024 CALL    AYARLA
Warning[203]: Found opcode in column 1. (GOTO)
0001   2???           00025 GOTO    DONUSTUR
                      00026 
0002                  00027 GECIKME_200USN                          
0002   30C8           00028         MOVLW   0xC8
0003   00A0           00029         MOVWF   GECIKME1
Warning[207]: Found label after column 1. (DNGU1)
0004                  00030         DNGU1
0004   0BA0           00031         DECFSZ  GECIKME1,1 
0005   2???           00032         GOTO    DNGU1           
0006   0008           00033         RETURN
                      00034         
0007                  00035 GECIKME_5MSN
0007   30E7           00036         movlw   0xE7
0008   00A0           00037         movwf   GECIKME1
0009   3004           00038         movlw   0x04
MPASM 5.84  /USERS/NURULLAH/MPLABXPROJECTS/O   12-9-2019  1:06:44         PAGE  2


LOC  OBJECT CODE     LINE SOURCE TEXT
  VALUE

000A   00A1           00039         movwf   GECIKME2
000B   2???           00040         CALL    GECIKTIR
000C   0008           00041         RETURN
                      00042         
000D                  00043 GECIKME_50MSN
000D   300F           00044         movlw   0x0F
000E   00A0           00045         movwf   GECIKME1
000F   3028           00046         movlw   0x28
0010   00A1           00047         movwf   GECIKME2
0011   2???           00048         CALL    GECIKTIR
0012   0008           00049         RETURN
                      00050 
0013                  00051 GECIKME_196MS
0013   30FF           00052         movlw   0xFF
0014   00A0           00053         movwf   GECIKME1
0015   30FF           00054         movlw   0xFF
0016   00A1           00055         movwf   GECIKME2
0017   2???           00056         CALL    GECIKTIR
0018   0008           00057         RETURN
0019                  00058 GECIKTIR
0019   0BA0           00059         decfsz  GECIKME1, f
001A   2???           00060         goto    GECIKTIR
001B   0BA1           00061         decfsz  GECIKME2, f
001C   2???           00062         goto    GECIKTIR
001D   0008           00063         RETURN
                      00064         
001E                  00065 DUSEN_KENAR
001E   1283 1303      00066         BANKSEL PORTB
0020   1686           00067         BSF     PORTB,5         ;E UCUNU ONCE 1 YAP
0021   2???           00068         CALL    GECIKME_200USN  ;ASLINDA BU KADAR UZUN OLMAK ZORUNDA DEGIL
0022   1286           00069         BCF     PORTB,5         ; E UCUNU TEKRAR 0 YAP
0023   0008           00070         RETURN
                      00071         
0024                  00072 KOMUT_4BIT
0024   390F           00073         ANDLW   0x0F    ; W 'DAKI DEGERIN SADECE ILK DORT BITINI AL SAKLA
0025   00A3           00074         MOVWF   DUSUK_4
                      00075         
0026   0806           00076         MOVF    PORTB,W ; PORTB NIN EN DEGERLI 4 BITINI ALMAK ICIN W 'YA GETIR
0027   39F0           00077         ANDLW   0xF0    ; SADECE EN DEGERLI 4 BITI
                      00078         
0028   0423           00079         IORWF   DUSUK_4,W   ; ILK DORT BITI TUTAN DEGISKEN ILE PORTB NIN SON 4 UNU VEYA ISLEMI ILE BIRLE
                            STIR
                      00080         
0029   0086           00081         MOVWF   PORTB   ;BIRLESMIS VERIYI LCD YE GONDER. BOYLECE MEVCUT PORTB DURUMU KORUNMUS OLDU
                      00082         
002A   2???           00083         CALL    DUSEN_KENAR ; KOMUT GONDERMEK ICIN E UCUNAN DUSEN KENAR GONDER
002B   2???           00084         CALL    GECIKME_200USN
002C   0008           00085         RETURN
                      00086         
002D                  00087 KOMUT_8BIT
002D   00A4           00088         MOVWF   VERI    ; ONCE GONDERILECEK VERIYI SAKLA
002E   0E24           00089         SWAPF   VERI,W  ; GONDERILECEK VERININ ILK DOR VE SON DORT BITINI YER DEGISTIR VE W YA AT
                      00090         
MPASM 5.84  /USERS/NURULLAH/MPLABXPROJECTS/O   12-9-2019  1:06:44         PAGE  3


LOC  OBJECT CODE     LINE SOURCE TEXT
  VALUE

002F   1283 1303      00091         BANKSEL PORTB
0031   1206           00092         BCF     PORTB,4 ; RS UCUNU 0 A CEK VE KOMUT GONDERECEGINI SOYLE
                      00093         
0032   2???           00094         CALL    KOMUT_4BIT  ; BU EN DEGERLIKLI 4 BITI YOLLA
                      00095         
0033   0824           00096         MOVF    VERI,W      ; SIMDI EN DEGERLIKSIZ 4 U GONDER ( VERI DEGISKENI NORMAL DURUMU TUTUYORDU)
0034   1206           00097         BCF     PORTB,4 ; RS UCUNU 0 A CEK VE KOMUT GONDERECEGINI SOYLE
0035   2???           00098         CALL    KOMUT_4BIT
                      00099         
0036   0008           00100         RETURN
0037                  00101 LCD_KARAKTER_YAZ
0037   00A4           00102         MOVWF   VERI        ; GELEN VERI ICIN SWAP ISLEMI YAPILACAGINDAN KORU
0038   0E24           00103         SWAPF   VERI,W      ; EN DEGERLIKLI BITLER ICIN SWAP YAP
0039   1283 1303      00104         BANKSEL PORTB
003B   1606           00105         BSF     PORTB,4     ; KARAKTER YAZMA ICIN RS=1
003C   2???           00106         CALL    KOMUT_4BIT  ; 4 BIT MODUNDA KARAKTERI GONDER
003D   0824           00107         MOVF    VERI,W      ; SIMDI NORMAL DUSUK DEGERLIKLI BITLERI GONDER
003E   2???           00108         CALL    KOMUT_4BIT
003F   0008           00109         RETURN
                      00110         
                      00111 ;****************************************************************************************************
0040                  00112 AYARLA
0040   1683 1303      00113         BANKSEL TRISD
0042   30F0           00114         MOVLW   0XF0
Message[302]: Register in operand not in bank 0.  Ensure that bank bits are correct.
0043   0088           00115         MOVWF   TRISD
0044   1283 1303      00116         BANKSEL PORTB
                      00117 
                      00118 
0046   1683 1303      00119         BANKSEL TRISB
Message[302]: Register in operand not in bank 0.  Ensure that bank bits are correct.
0048   0186           00120         CLRF    TRISB
0049   300F           00121         MOVLW   0X0F
Message[302]: Register in operand not in bank 0.  Ensure that bank bits are correct.
004A   0088           00122         MOVWF   TRISD
                      00123 
004B   1283 1303      00124         BANKSEL PORTB
004D   1608           00125         BSF     PORTD,4
004E   2???           00126         CALL    GECIKME_50MSN   ;LCD ILK ACILIS GECIKMESI
                      00127         
004F   1206           00128         BCF     PORTB,4         ;RS UCUNU 0 YAPARAK LCD YE KOMUT GONDERECEGINI SOYLE
                      00129         
0050   3003           00130         MOVLW   0x03
0051   2???           00131         CALL    KOMUT_4BIT
0052   2???           00132         CALL    GECIKME_5MSN
                      00133         
0053   2???           00134         CALL    DUSEN_KENAR
0054   2???           00135         CALL    GECIKME_200USN
0055   2???           00136         CALL    DUSEN_KENAR
0056   2???           00137         CALL    GECIKME_200USN
                      00138         
0057   1206           00139         BCF     PORTB,4
0058   3002           00140         MOVLW   0x02
MPASM 5.84  /USERS/NURULLAH/MPLABXPROJECTS/O   12-9-2019  1:06:44         PAGE  4


LOC  OBJECT CODE     LINE SOURCE TEXT
  VALUE

0059   2???           00141         CALL    KOMUT_4BIT
005A   2???           00142         CALL    GECIKME_200USN
                      00143         
005B   3028           00144         MOVLW   0x28
005C   2???           00145         CALL    KOMUT_8BIT
                      00146         
005D   3010           00147         MOVLW   0x10            ; EKRAN AKTIF, IMLEC YAN SON
005E   2???           00148         CALL    KOMUT_8BIT
                      00149         
005F   3001           00150         MOVLW   0x01
0060   2???           00151         CALL    KOMUT_8BIT
                      00152         
0061   2???           00153         CALL    GECIKME_5MSN
                      00154         
0062   3006           00155         MOVLW   0x06
0063   2???           00156         CALL    KOMUT_8BIT
                      00157         
0064   300D           00158         MOVLW   0x0D
0065   2???           00159         CALL    KOMUT_8BIT
                      00160         
0066   1283 1303      00161         BANKSEL ADCON0
0068   3081           00162         MOVLW   0X81
0069   009F           00163         MOVWF   ADCON0
                      00164 
006A   1683 1303      00165         BANKSEL ADCON1
006C   3080           00166         MOVLW   B'10000000'
Message[302]: Register in operand not in bank 0.  Ensure that bank bits are correct.
006D   009F           00167         MOVWF   ADCON1
                      00168 
006E   1683 1303      00169         BANKSEL TRISA
0070   30FF           00170         MOVLW   0XFF
Message[302]: Register in operand not in bank 0.  Ensure that bank bits are correct.
0071   0085           00171         MOVWF   TRISA
                      00172         
                      00173         
0072   0008           00174         RETURN
                      00175 
Warning[207]: Found label after column 1. (DONUSTUR)
0073                  00176         DONUSTUR
0073   3001           00177         MOVLW   0X01
0074   2???           00178         CALL    KOMUT_8BIT
                      00179         
0075   1283 1303      00180         BANKSEL ADCON0
0077   151F           00181         BSF     ADCON0,GO
0078   2???           00182         CALL    GECIKME_196MS
                      00183 
0079   191F           00184         BTFSC   ADCON0,GO
007A   2???           00185         GOTO    $-1
007B   1003           00186         BCF     STATUS,C
007C   1283 1303      00187         BANKSEL ADRESH
Message[305]: Using default destination of 1 (file).
007E   0C9E           00188         RRF     ADRESH
                      00189         
MPASM 5.84  /USERS/NURULLAH/MPLABXPROJECTS/O   12-9-2019  1:06:44         PAGE  5


LOC  OBJECT CODE     LINE SOURCE TEXT
  VALUE

007F   1683 1303      00190         BANKSEL ADRESL
Message[305]: Using default destination of 1 (file).
Message[302]: Register in operand not in bank 0.  Ensure that bank bits are correct.
0081   0C9E           00191         RRF     ADRESL
Message[302]: Register in operand not in bank 0.  Ensure that bank bits are correct.
0082   081E           00192         MOVFW   ADRESL
0083   1283           00193         BCF     STATUS,RP0
0084   00AF           00194         MOVWF   OKUNAN_DEGER
                      00195         
0085   082F           00196         MOVFW   OKUNAN_DEGER
0086   3CCD           00197         SUBLW   .205
0087   1C03           00198         BTFSS   STATUS,C
0088   2???           00199         GOTO    DONUSTUR
                      00200         
0089   3037           00201         MOVLW   .55
008A   022F           00202         SUBWF   OKUNAN_DEGER,W
008B   1803           00203         BTFSC   STATUS,C
008C   2???           00204         GOTO    $+7
008D   302D           00205         MOVLW   A'-'
008E   2???           00206         CALL    LCD_KARAKTER_YAZ
008F   082F           00207         MOVFW   OKUNAN_DEGER
0090   3C37           00208         SUBLW   .55
0091   00AF           00209         MOVWF   OKUNAN_DEGER
0092   2???           00210         GOTO    $+5
0093   00AF           00211         MOVWF   OKUNAN_DEGER
0094   302B           00212         MOVLW   A'+'
0095   2???           00213         CALL    LCD_KARAKTER_YAZ
                      00214         
0096   082F           00215         MOVFW   OKUNAN_DEGER
0097   2???           00216         CALL    KARAKTER_BOL
                      00217         
                      00218         
0098   3030           00219         MOVLW   .48
0099   072C           00220         ADDWF   YUZLER,W
009A   2???           00221         CALL    LCD_KARAKTER_YAZ
                      00222         
009B   3030           00223         MOVLW   .48
009C   072B           00224         ADDWF   ONLAR,W
009D   2???           00225         CALL    LCD_KARAKTER_YAZ
                      00226         
009E   3030           00227         MOVLW   .48
009F   072A           00228         ADDWF   BIRLER,W
00A0   2???           00229         CALL    LCD_KARAKTER_YAZ
                      00230         
00A1   3020           00231         MOVLW   A' '
00A2   2???           00232         CALL    LCD_KARAKTER_YAZ
00A3   30B0           00233         MOVLW   A'°'
00A4   2???           00234         CALL    LCD_KARAKTER_YAZ
00A5   3043           00235         MOVLW   A'C'
00A6   2???           00236         CALL    LCD_KARAKTER_YAZ
                      00237         
00A7   2???           00238         CALL    GECIKME_196MS
00A8   2???           00239         GOTO    DONUSTUR
MPASM 5.84  /USERS/NURULLAH/MPLABXPROJECTS/O   12-9-2019  1:06:44         PAGE  6


LOC  OBJECT CODE     LINE SOURCE TEXT
  VALUE

                      00240         
                      00241         
                      00242 
00A9                  00243 KARAKTER_BOL
00A9   00AE           00244         MOVWF   SONUC
00AA   01AC           00245         CLRF    YUZLER
00AB   01AB           00246         CLRF    ONLAR
00AC   01AA           00247         CLRF    BIRLER
                      00248         
Warning[207]: Found label after column 1. (BASAMAK100)
00AD                  00249         BASAMAK100
00AD   3064           00250         MOVLW   D'100'
00AE   022E           00251         SUBWF   SONUC,W
00AF   1C03           00252         BTFSS   STATUS,C
00B0   2???           00253         GOTO    $+4
Message[305]: Using default destination of 1 (file).
00B1   0AAC           00254         INCF    YUZLER
00B2   00AE           00255         MOVWF   SONUC
00B3   2???           00256         GOTO    BASAMAK100
                      00257         
Warning[207]: Found label after column 1. (BASAMAK10)
00B4                  00258         BASAMAK10
00B4   300A           00259         MOVLW   D'10'
00B5   022E           00260         SUBWF   SONUC,W
00B6   1C03           00261         BTFSS   STATUS,C
00B7   2???           00262         GOTO    $+4
Message[305]: Using default destination of 1 (file).
00B8   0AAB           00263         INCF    ONLAR
00B9   00AE           00264         MOVWF   SONUC
00BA   2???           00265         GOTO    BASAMAK10
                      00266         
00BB   082E           00267         MOVFW   SONUC
00BC   00AA           00268         MOVWF   BIRLER
                      00269         
00BD   0008           00270         RETURN
Warning[205]: Found directive in column 1. (END)
                      00271 END     ; Program sonu
MPASM 5.84  /USERS/NURULLAH/MPLABXPROJECTS/O   12-9-2019  1:06:44         PAGE  7


SYMBOL TABLE
  LABEL                             VALUE 

ACKDT                             00000005
ACKEN                             00000004
ACKSTAT                           00000006
ADCON0                            0000001F
ADCON1                            0000009F
ADCS0                             00000006
ADCS1                             00000007
ADCS2                             00000006
ADDEN                             00000003
ADFM                              00000007
ADIE                              00000006
ADIF                              00000006
ADON                              00000000
ADRESH                            0000001E
ADRESL                            0000009E
ARA                               0000002D
AYARLA                            00000040
BASAMAK10                         000000B4
BASAMAK100                        000000AD
BCLIE                             00000003
BCLIF                             00000003
BF                                00000000
BIRLER                            0000002A
BRGH                              00000002
C                                 00000000
C1INV                             00000004
C1OUT                             00000006
C2INV                             00000005
C2OUT                             00000007
CCP1CON                           00000017
CCP1IE                            00000002
CCP1IF                            00000002
CCP1M0                            00000000
CCP1M1                            00000001
CCP1M2                            00000002
CCP1M3                            00000003
CCP1X                             00000005
CCP1Y                             00000004
CCP2CON                           0000001D
CCP2IE                            00000000
CCP2IF                            00000000
CCP2M0                            00000000
CCP2M1                            00000001
CCP2M2                            00000002
CCP2M3                            00000003
CCP2X                             00000005
CCP2Y                             00000004
CCPR1                             00000015
CCPR1H                            00000016
CCPR1L                            00000015
CCPR2                             0000001B
CCPR2H                            0000001C
CCPR2L                            0000001B
MPASM 5.84  /USERS/NURULLAH/MPLABXPROJECTS/O   12-9-2019  1:06:44         PAGE  8


SYMBOL TABLE
  LABEL                             VALUE 

CHS0                              00000003
CHS1                              00000004
CHS2                              00000005
CIS                               00000003
CKE                               00000006
CKP                               00000004
CM0                               00000000
CM1                               00000001
CM2                               00000002
CMCON                             0000009C
CMIE                              00000006
CMIF                              00000006
CREN                              00000004
CSRC                              00000007
CVR0                              00000000
CVR1                              00000001
CVR2                              00000002
CVR3                              00000003
CVRCON                            0000009D
CVREN                             00000007
CVROE                             00000006
CVRR                              00000005
D                                 00000005
DATA_ADDRESS                      00000005
DC                                00000001
DNGU1                             00000004
DONUSTUR                          00000073
DUSEN_KENAR                       0000001E
DUSUK_4                           00000023
D_A                               00000005
D_NOT_A                           00000005
EEADR                             0000010D
EEADRH                            0000010F
EECON1                            0000018C
EECON2                            0000018D
EEDATA                            0000010C
EEDATH                            0000010E
EEIE                              00000004
EEIF                              00000004
EEPGD                             00000007
F                                 00000001
FERR                              00000002
FSR                               00000004
GCEN                              00000007
GECIKME1                          00000020
GECIKME2                          00000021
GECIKME3                          00000022
GECIKME_196MS                     00000013
GECIKME_200USN                    00000002
GECIKME_50MSN                     0000000D
GECIKME_5MSN                      00000007
GECIKTIR                          00000019
GIE                               00000007
MPASM 5.84  /USERS/NURULLAH/MPLABXPROJECTS/O   12-9-2019  1:06:44         PAGE  9


SYMBOL TABLE
  LABEL                             VALUE 

GO                                00000002
GO_DONE                           00000002
GO_NOT_DONE                       00000002
I2C_DATA                          00000005
I2C_READ                          00000002
I2C_START                         00000003
I2C_STOP                          00000004
IBF                               00000007
IBOV                              00000005
ILK_DEGER                         00000027
INDF                              00000000
INTCON                            0000000B
INTE                              00000004
INTEDG                            00000006
INTF                              00000001
IRP                               00000007
ISLEM_REG                         00000029
KARAKTER_BOL                      000000A9
KOMUT_4BIT                        00000024
KOMUT_8BIT                        0000002D
LCD_KARAKTER_YAZ                  00000037
NOT_A                             00000005
NOT_ADDRESS                       00000005
NOT_BO                            00000000
NOT_BOR                           00000000
NOT_DONE                          00000002
NOT_PD                            00000003
NOT_POR                           00000001
NOT_RBPU                          00000007
NOT_RC8                           00000006
NOT_T1SYNC                        00000002
NOT_TO                            00000004
NOT_TX8                           00000006
NOT_W                             00000002
NOT_WRITE                         00000002
OBF                               00000006
OERR                              00000001
OKUNAN_DEGER                      0000002F
ONLAR                             0000002B
OPTION_REG                        00000081
P                                 00000004
PCFG0                             00000000
PCFG1                             00000001
PCFG2                             00000002
PCFG3                             00000003
PCL                               00000002
PCLATH                            0000000A
PCON                              0000008E
PEIE                              00000006
PEN                               00000002
PIE1                              0000008C
PIE2                              0000008D
PIR1                              0000000C
MPASM 5.84  /USERS/NURULLAH/MPLABXPROJECTS/O   12-9-2019  1:06:44         PAGE 10


SYMBOL TABLE
  LABEL                             VALUE 

PIR2                              0000000D
PORTA                             00000005
PORTB                             00000006
PORTC                             00000007
PORTD                             00000008
PORTE                             00000009
PR2                               00000092
PS0                               00000000
PS1                               00000001
PS2                               00000002
PSA                               00000003
PSPIE                             00000007
PSPIF                             00000007
PSPMODE                           00000004
R                                 00000002
RA0                               00000000
RA1                               00000001
RA2                               00000002
RA3                               00000003
RA4                               00000004
RA5                               00000005
RB0                               00000000
RB1                               00000001
RB2                               00000002
RB3                               00000003
RB4                               00000004
RB5                               00000005
RB6                               00000006
RB7                               00000007
RBIE                              00000003
RBIF                              00000000
RC0                               00000000
RC1                               00000001
RC2                               00000002
RC3                               00000003
RC4                               00000004
RC5                               00000005
RC6                               00000006
RC7                               00000007
RC8_9                             00000006
RC9                               00000006
RCD8                              00000000
RCEN                              00000003
RCIE                              00000005
RCIF                              00000005
RCREG                             0000001A
RCSTA                             00000018
RD                                00000000
RD0                               00000000
RD1                               00000001
RD2                               00000002
RD3                               00000003
RD4                               00000004
MPASM 5.84  /USERS/NURULLAH/MPLABXPROJECTS/O   12-9-2019  1:06:44         PAGE 11


SYMBOL TABLE
  LABEL                             VALUE 

RD5                               00000005
RD6                               00000006
RD7                               00000007
RE0                               00000000
RE1                               00000001
RE2                               00000002
READ_WRITE                        00000002
RP0                               00000005
RP1                               00000006
RSEN                              00000001
RX9                               00000006
RX9D                              00000000
R_NOT_W                           00000002
R_W                               00000002
S                                 00000003
SATIR_KONUM                       00000025
SEN                               00000000
SMP                               00000007
SONUC                             0000002E
SON_DEGER                         00000028
SPBRG                             00000099
SPEN                              00000007
SREN                              00000005
SSPADD                            00000093
SSPBUF                            00000013
SSPCON                            00000014
SSPCON2                           00000091
SSPEN                             00000005
SSPIE                             00000003
SSPIF                             00000003
SSPM0                             00000000
SSPM1                             00000001
SSPM2                             00000002
SSPM3                             00000003
SSPOV                             00000006
SSPSTAT                           00000094
STATUS                            00000003
SUTUN_KONUM                       00000026
SYNC                              00000004
T0CS                              00000005
T0IE                              00000005
T0IF                              00000002
T0SE                              00000004
T1CKPS0                           00000004
T1CKPS1                           00000005
T1CON                             00000010
T1INSYNC                          00000002
T1OSCEN                           00000003
T1SYNC                            00000002
T2CKPS0                           00000000
T2CKPS1                           00000001
T2CON                             00000012
TMR0                              00000001
MPASM 5.84  /USERS/NURULLAH/MPLABXPROJECTS/O   12-9-2019  1:06:44         PAGE 12


SYMBOL TABLE
  LABEL                             VALUE 

TMR0IE                            00000005
TMR0IF                            00000002
TMR1                              0000000E
TMR1CS                            00000001
TMR1H                             0000000F
TMR1IE                            00000000
TMR1IF                            00000000
TMR1L                             0000000E
TMR1ON                            00000000
TMR2                              00000011
TMR2IE                            00000001
TMR2IF                            00000001
TMR2ON                            00000002
TOUTPS0                           00000003
TOUTPS1                           00000004
TOUTPS2                           00000005
TOUTPS3                           00000006
TRISA                             00000085
TRISA0                            00000000
TRISA1                            00000001
TRISA2                            00000002
TRISA3                            00000003
TRISA4                            00000004
TRISA5                            00000005
TRISB                             00000086
TRISB0                            00000000
TRISB1                            00000001
TRISB2                            00000002
TRISB3                            00000003
TRISB4                            00000004
TRISB5                            00000005
TRISB6                            00000006
TRISB7                            00000007
TRISC                             00000087
TRISC0                            00000000
TRISC1                            00000001
TRISC2                            00000002
TRISC3                            00000003
TRISC4                            00000004
TRISC5                            00000005
TRISC6                            00000006
TRISC7                            00000007
TRISD                             00000088
TRISD0                            00000000
TRISD1                            00000001
TRISD2                            00000002
TRISD3                            00000003
TRISD4                            00000004
TRISD5                            00000005
TRISD6                            00000006
TRISD7                            00000007
TRISE                             00000089
TRISE0                            00000000
MPASM 5.84  /USERS/NURULLAH/MPLABXPROJECTS/O   12-9-2019  1:06:44         PAGE 13


SYMBOL TABLE
  LABEL                             VALUE 

TRISE1                            00000001
TRISE2                            00000002
TRMT                              00000001
TX8_9                             00000006
TX9                               00000006
TX9D                              00000000
TXD8                              00000000
TXEN                              00000005
TXIE                              00000004
TXIF                              00000004
TXREG                             00000019
TXSTA                             00000098
UA                                00000001
VERI                              00000024
W                                 00000000
WCOL                              00000007
WR                                00000001
WREN                              00000002
WRERR                             00000003
YUZLER                            0000002C
Z                                 00000002
_.org_0_007A                      0000007A
_.org_0_008C                      0000008C
_.org_0_0092                      00000092
_.org_0_00B0                      000000B0
_.org_0_00B7                      000000B7
_BODEN_OFF                        00003FBF
_BODEN_ON                         00003FFF
_BOREN_OFF                        00003FBF
_BOREN_ON                         00003FFF
_CONFIG                           00002007
_CPD_OFF                          00003FFF
_CPD_ON                           00003EFF
_CP_ALL                           00001FFF
_CP_OFF                           00003FFF
_CP_ON                            00001FFF
_DEBUG_OFF                        00003FFF
_DEBUG_ON                         000037FF
_DEVID1                           00002006
_FOSC_EXTRC                       00003FFF
_FOSC_HS                          00003FFE
_FOSC_LP                          00003FFC
_FOSC_XT                          00003FFD
_HS_OSC                           00003FFE
_IDLOC0                           00002000
_IDLOC1                           00002001
_IDLOC2                           00002002
_IDLOC3                           00002003
_LP_OSC                           00003FFC
_LVP_OFF                          00003F7F
_LVP_ON                           00003FFF
_PWRTE_OFF                        00003FFF
_PWRTE_ON                         00003FF7
MPASM 5.84  /USERS/NURULLAH/MPLABXPROJECTS/O   12-9-2019  1:06:44         PAGE 14


SYMBOL TABLE
  LABEL                             VALUE 

_RC_OSC                           00003FFF
_WDTE_OFF                         00003FFB
_WDTE_ON                          00003FFF
_WDT_OFF                          00003FFB
_WDT_ON                           00003FFF
_WRT_1FOURTH                      00003BFF
_WRT_256                          00003DFF
_WRT_HALF                         000039FF
_WRT_OFF                          00003FFF
_XT_OSC                           00003FFD
__16F877A                         00000001

Errors   :     0
Warnings :     9 reported,     0 suppressed
Messages :    11 reported,     0 suppressed

