Warning[205] C:\USERS\SHANYU\DESKTOP\MPLAB PROJELER\TIMER\TIMER.ASM 2 : Found directive in column 1. (LIST)
Warning[205] C:\USERS\SHANYU\DESKTOP\MPLAB PROJELER\TIMER\TIMER.ASM 3 : Found directive in column 1. (__CONFIG)
Warning[205] C:\USERS\SHANYU\DESKTOP\MPLAB PROJELER\TIMER\TIMER.ASM 11 : Found directive in column 1. (ORG)
Warning[203] C:\USERS\SHANYU\DESKTOP\MPLAB PROJELER\TIMER\TIMER.ASM 12 : Found opcode in column 1. (NOP)
Warning[203] C:\USERS\SHANYU\DESKTOP\MPLAB PROJELER\TIMER\TIMER.ASM 13 : Found opcode in column 1. (GOTO)
Warning[205] C:\USERS\SHANYU\DESKTOP\MPLAB PROJELER\TIMER\TIMER.ASM 16 : Found directive in column 1. (ORG)
Warning[205] C:\USERS\SHANYU\DESKTOP\MPLAB PROJELER\TIMER\TIMER.ASM 18 : Found directive in column 1. (BANKSEL)
Warning[203] C:\USERS\SHANYU\DESKTOP\MPLAB PROJELER\TIMER\TIMER.ASM 19 : Found opcode in column 1. (BCF)
Warning[203] C:\USERS\SHANYU\DESKTOP\MPLAB PROJELER\TIMER\TIMER.ASM 20 : Found opcode in column 1. (MOVLW)
Warning[203] C:\USERS\SHANYU\DESKTOP\MPLAB PROJELER\TIMER\TIMER.ASM 21 : Found opcode in column 1. (MOVWF)
Warning[203] C:\USERS\SHANYU\DESKTOP\MPLAB PROJELER\TIMER\TIMER.ASM 22 : Found opcode in column 1. (MOVLW)
Warning[203] C:\USERS\SHANYU\DESKTOP\MPLAB PROJELER\TIMER\TIMER.ASM 23 : Found opcode in column 1. (MOVWF)
Warning[203] C:\USERS\SHANYU\DESKTOP\MPLAB PROJELER\TIMER\TIMER.ASM 25 : Found opcode in column 1. (INCF)
Message[305] C:\USERS\SHANYU\DESKTOP\MPLAB PROJELER\TIMER\TIMER.ASM 25 : Using default destination of 1 (file).
Warning[203] C:\USERS\SHANYU\DESKTOP\MPLAB PROJELER\TIMER\TIMER.ASM 26 : Found opcode in column 1. (MOVLW)
Warning[203] C:\USERS\SHANYU\DESKTOP\MPLAB PROJELER\TIMER\TIMER.ASM 27 : Found opcode in column 1. (SUBWF)
Warning[203] C:\USERS\SHANYU\DESKTOP\MPLAB PROJELER\TIMER\TIMER.ASM 28 : Found opcode in column 1. (BTFSS)
Warning[203] C:\USERS\SHANYU\DESKTOP\MPLAB PROJELER\TIMER\TIMER.ASM 29 : Found opcode in column 1. (GOTO)
Warning[203] C:\USERS\SHANYU\DESKTOP\MPLAB PROJELER\TIMER\TIMER.ASM 30 : Found opcode in column 1. (BCF)
Warning[203] C:\USERS\SHANYU\DESKTOP\MPLAB PROJELER\TIMER\TIMER.ASM 31 : Found opcode in column 1. (CLRF)
Warning[203] C:\USERS\SHANYU\DESKTOP\MPLAB PROJELER\TIMER\TIMER.ASM 33 : Found opcode in column 1. (INCF)
Message[305] C:\USERS\SHANYU\DESKTOP\MPLAB PROJELER\TIMER\TIMER.ASM 33 : Using default destination of 1 (file).
Warning[203] C:\USERS\SHANYU\DESKTOP\MPLAB PROJELER\TIMER\TIMER.ASM 34 : Found opcode in column 1. (INCF)
Message[305] C:\USERS\SHANYU\DESKTOP\MPLAB PROJELER\TIMER\TIMER.ASM 34 : Using default destination of 1 (file).
Warning[203] C:\USERS\SHANYU\DESKTOP\MPLAB PROJELER\TIMER\TIMER.ASM 35 : Found opcode in column 1. (MOVLW)
Warning[203] C:\USERS\SHANYU\DESKTOP\MPLAB PROJELER\TIMER\TIMER.ASM 36 : Found opcode in column 1. (SUBWF)
Warning[203] C:\USERS\SHANYU\DESKTOP\MPLAB PROJELER\TIMER\TIMER.ASM 37 : Found opcode in column 1. (BTFSS)
Warning[203] C:\USERS\SHANYU\DESKTOP\MPLAB PROJELER\TIMER\TIMER.ASM 38 : Found opcode in column 1. (GOTO)
Warning[203] C:\USERS\SHANYU\DESKTOP\MPLAB PROJELER\TIMER\TIMER.ASM 39 : Found opcode in column 1. (BCF)
Warning[203] C:\USERS\SHANYU\DESKTOP\MPLAB PROJELER\TIMER\TIMER.ASM 40 : Found opcode in column 1. (INCF)
Message[305] C:\USERS\SHANYU\DESKTOP\MPLAB PROJELER\TIMER\TIMER.ASM 40 : Using default destination of 1 (file).
Warning[203] C:\USERS\SHANYU\DESKTOP\MPLAB PROJELER\TIMER\TIMER.ASM 41 : Found opcode in column 1. (CLRF)
Warning[203] C:\USERS\SHANYU\DESKTOP\MPLAB PROJELER\TIMER\TIMER.ASM 44 : Found opcode in column 1. (MOVLW)
Warning[203] C:\USERS\SHANYU\DESKTOP\MPLAB PROJELER\TIMER\TIMER.ASM 45 : Found opcode in column 1. (SUBWF)
Warning[203] C:\USERS\SHANYU\DESKTOP\MPLAB PROJELER\TIMER\TIMER.ASM 46 : Found opcode in column 1. (BTFSS)
Warning[203] C:\USERS\SHANYU\DESKTOP\MPLAB PROJELER\TIMER\TIMER.ASM 47 : Found opcode in column 1. (GOTO)
Warning[203] C:\USERS\SHANYU\DESKTOP\MPLAB PROJELER\TIMER\TIMER.ASM 48 : Found opcode in column 1. (BCF)
Warning[203] C:\USERS\SHANYU\DESKTOP\MPLAB PROJELER\TIMER\TIMER.ASM 49 : Found opcode in column 1. (MOVLW)
Warning[203] C:\USERS\SHANYU\DESKTOP\MPLAB PROJELER\TIMER\TIMER.ASM 50 : Found opcode in column 1. (SUBWF)
Warning[203] C:\USERS\SHANYU\DESKTOP\MPLAB PROJELER\TIMER\TIMER.ASM 51 : Found opcode in column 1. (BTFSS)
Warning[203] C:\USERS\SHANYU\DESKTOP\MPLAB PROJELER\TIMER\TIMER.ASM 52 : Found opcode in column 1. (GOTO)
Warning[203] C:\USERS\SHANYU\DESKTOP\MPLAB PROJELER\TIMER\TIMER.ASM 53 : Found opcode in column 1. (BCF)
Warning[203] C:\USERS\SHANYU\DESKTOP\MPLAB PROJELER\TIMER\TIMER.ASM 54 : Found opcode in column 1. (CLRF)
Warning[203] C:\USERS\SHANYU\DESKTOP\MPLAB PROJELER\TIMER\TIMER.ASM 55 : Found opcode in column 1. (CLRF)
Warning[203] C:\USERS\SHANYU\DESKTOP\MPLAB PROJELER\TIMER\TIMER.ASM 58 : Found opcode in column 1. (RETFIE)
Warning[203] C:\USERS\SHANYU\DESKTOP\MPLAB PROJELER\TIMER\TIMER.ASM 81 : Found opcode in column 1. (ADDWF)
Warning[203] C:\USERS\SHANYU\DESKTOP\MPLAB PROJELER\TIMER\TIMER.ASM 82 : Found opcode in column 1. (RETLW)
Warning[203] C:\USERS\SHANYU\DESKTOP\MPLAB PROJELER\TIMER\TIMER.ASM 83 : Found opcode in column 1. (RETLW)
Warning[203] C:\USERS\SHANYU\DESKTOP\MPLAB PROJELER\TIMER\TIMER.ASM 84 : Found opcode in column 1. (RETLW)
Warning[203] C:\USERS\SHANYU\DESKTOP\MPLAB PROJELER\TIMER\TIMER.ASM 85 : Found opcode in column 1. (RETLW)
Warning[203] C:\USERS\SHANYU\DESKTOP\MPLAB PROJELER\TIMER\TIMER.ASM 86 : Found opcode in column 1. (RETLW)
Warning[203] C:\USERS\SHANYU\DESKTOP\MPLAB PROJELER\TIMER\TIMER.ASM 87 : Found opcode in column 1. (RETLW)
Warning[203] C:\USERS\SHANYU\DESKTOP\MPLAB PROJELER\TIMER\TIMER.ASM 88 : Found opcode in column 1. (RETLW)
Warning[203] C:\USERS\SHANYU\DESKTOP\MPLAB PROJELER\TIMER\TIMER.ASM 89 : Found opcode in column 1. (RETLW)
Warning[203] C:\USERS\SHANYU\DESKTOP\MPLAB PROJELER\TIMER\TIMER.ASM 90 : Found opcode in column 1. (RETLW)
Warning[203] C:\USERS\SHANYU\DESKTOP\MPLAB PROJELER\TIMER\TIMER.ASM 91 : Found opcode in column 1. (RETLW)
Warning[205] C:\USERS\SHANYU\DESKTOP\MPLAB PROJELER\TIMER\TIMER.ASM 95 : Found directive in column 1. (BANKSEL)
Warning[203] C:\USERS\SHANYU\DESKTOP\MPLAB PROJELER\TIMER\TIMER.ASM 96 : Found opcode in column 1. (MOVLW)
Warning[203] C:\USERS\SHANYU\DESKTOP\MPLAB PROJELER\TIMER\TIMER.ASM 97 : Found opcode in column 1. (MOVWF)
Warning[205] C:\USERS\SHANYU\DESKTOP\MPLAB PROJELER\TIMER\TIMER.ASM 99 : Found directive in column 1. (BANKSEL)
Warning[203] C:\USERS\SHANYU\DESKTOP\MPLAB PROJELER\TIMER\TIMER.ASM 100 : Found opcode in column 1. (MOVLW)
Warning[203] C:\USERS\SHANYU\DESKTOP\MPLAB PROJELER\TIMER\TIMER.ASM 101 : Found opcode in column 1. (MOVWF)
Warning[205] C:\USERS\SHANYU\DESKTOP\MPLAB PROJELER\TIMER\TIMER.ASM 103 : Found directive in column 1. (BANKSEL)
Warning[203] C:\USERS\SHANYU\DESKTOP\MPLAB PROJELER\TIMER\TIMER.ASM 104 : Found opcode in column 1. (BCF)
Warning[205] C:\USERS\SHANYU\DESKTOP\MPLAB PROJELER\TIMER\TIMER.ASM 105 : Found directive in column 1. (BANKSEL)
Warning[203] C:\USERS\SHANYU\DESKTOP\MPLAB PROJELER\TIMER\TIMER.ASM 106 : Found opcode in column 1. (BSF)
Message[302] C:\USERS\SHANYU\DESKTOP\MPLAB PROJELER\TIMER\TIMER.ASM 106 : Register in operand not in bank 0.  Ensure that bank bits are correct.
Warning[205] C:\USERS\SHANYU\DESKTOP\MPLAB PROJELER\TIMER\TIMER.ASM 108 : Found directive in column 1. (BANKSEL)
Warning[203] C:\USERS\SHANYU\DESKTOP\MPLAB PROJELER\TIMER\TIMER.ASM 109 : Found opcode in column 1. (CLRF)
Message[302] C:\USERS\SHANYU\DESKTOP\MPLAB PROJELER\TIMER\TIMER.ASM 109 : Register in operand not in bank 0.  Ensure that bank bits are correct.
Warning[203] C:\USERS\SHANYU\DESKTOP\MPLAB PROJELER\TIMER\TIMER.ASM 110 : Found opcode in column 1. (MOVLW)
Warning[203] C:\USERS\SHANYU\DESKTOP\MPLAB PROJELER\TIMER\TIMER.ASM 111 : Found opcode in column 1. (MOVWF)
Message[302] C:\USERS\SHANYU\DESKTOP\MPLAB PROJELER\TIMER\TIMER.ASM 111 : Register in operand not in bank 0.  Ensure that bank bits are correct.
Warning[203] C:\USERS\SHANYU\DESKTOP\MPLAB PROJELER\TIMER\TIMER.ASM 112 : Found opcode in column 1. (MOVLW)
Warning[203] C:\USERS\SHANYU\DESKTOP\MPLAB PROJELER\TIMER\TIMER.ASM 113 : Found opcode in column 1. (MOVWF)
Message[302] C:\USERS\SHANYU\DESKTOP\MPLAB PROJELER\TIMER\TIMER.ASM 113 : Register in operand not in bank 0.  Ensure that bank bits are correct.
Warning[205] C:\USERS\SHANYU\DESKTOP\MPLAB PROJELER\TIMER\TIMER.ASM 115 : Found directive in column 1. (BANKSEL)
Warning[203] C:\USERS\SHANYU\DESKTOP\MPLAB PROJELER\TIMER\TIMER.ASM 116 : Found opcode in column 1. (CLRF)
Warning[203] C:\USERS\SHANYU\DESKTOP\MPLAB PROJELER\TIMER\TIMER.ASM 117 : Found opcode in column 1. (CLRF)
Warning[203] C:\USERS\SHANYU\DESKTOP\MPLAB PROJELER\TIMER\TIMER.ASM 119 : Found opcode in column 1. (MOVLW)
Warning[203] C:\USERS\SHANYU\DESKTOP\MPLAB PROJELER\TIMER\TIMER.ASM 120 : Found opcode in column 1. (MOVWF)
Warning[203] C:\USERS\SHANYU\DESKTOP\MPLAB PROJELER\TIMER\TIMER.ASM 121 : Found opcode in column 1. (MOVLW)
Warning[203] C:\USERS\SHANYU\DESKTOP\MPLAB PROJELER\TIMER\TIMER.ASM 122 : Found opcode in column 1. (MOVWF)
Warning[203] C:\USERS\SHANYU\DESKTOP\MPLAB PROJELER\TIMER\TIMER.ASM 123 : Found opcode in column 1. (CLRF)
Warning[203] C:\USERS\SHANYU\DESKTOP\MPLAB PROJELER\TIMER\TIMER.ASM 125 : Found opcode in column 1. (RETURN)
Warning[203] C:\USERS\SHANYU\DESKTOP\MPLAB PROJELER\TIMER\TIMER.ASM 130 : Found opcode in column 1. (CALL)
Warning[203] C:\USERS\SHANYU\DESKTOP\MPLAB PROJELER\TIMER\TIMER.ASM 131 : Found opcode in column 1. (MOVLW)
Warning[203] C:\USERS\SHANYU\DESKTOP\MPLAB PROJELER\TIMER\TIMER.ASM 132 : Found opcode in column 1. (MOVWF)
Warning[203] C:\USERS\SHANYU\DESKTOP\MPLAB PROJELER\TIMER\TIMER.ASM 133 : Found opcode in column 1. (MOVLW)
Warning[203] C:\USERS\SHANYU\DESKTOP\MPLAB PROJELER\TIMER\TIMER.ASM 134 : Found opcode in column 1. (MOVWF)
Warning[203] C:\USERS\SHANYU\DESKTOP\MPLAB PROJELER\TIMER\TIMER.ASM 136 : Found opcode in column 1. (MOVLW)
Warning[203] C:\USERS\SHANYU\DESKTOP\MPLAB PROJELER\TIMER\TIMER.ASM 137 : Found opcode in column 1. (MOVWF)
Warning[204] C:\USERS\SHANYU\DESKTOP\MPLAB PROJELER\TIMER\TIMER.ASM 138 : Found pseudo-op in column 1. (MOVFW)
Warning[203] C:\USERS\SHANYU\DESKTOP\MPLAB PROJELER\TIMER\TIMER.ASM 139 : Found opcode in column 1. (CALL)
Warning[203] C:\USERS\SHANYU\DESKTOP\MPLAB PROJELER\TIMER\TIMER.ASM 140 : Found opcode in column 1. (MOVWF)
Warning[203] C:\USERS\SHANYU\DESKTOP\MPLAB PROJELER\TIMER\TIMER.ASM 141 : Found opcode in column 1. (CALL)
Warning[203] C:\USERS\SHANYU\DESKTOP\MPLAB PROJELER\TIMER\TIMER.ASM 142 : Found opcode in column 1. (MOVLW)
Warning[203] C:\USERS\SHANYU\DESKTOP\MPLAB PROJELER\TIMER\TIMER.ASM 143 : Found opcode in column 1. (MOVWF)
Warning[204] C:\USERS\SHANYU\DESKTOP\MPLAB PROJELER\TIMER\TIMER.ASM 144 : Found pseudo-op in column 1. (MOVFW)
Warning[203] C:\USERS\SHANYU\DESKTOP\MPLAB PROJELER\TIMER\TIMER.ASM 145 : Found opcode in column 1. (CALL)
Warning[203] C:\USERS\SHANYU\DESKTOP\MPLAB PROJELER\TIMER\TIMER.ASM 146 : Found opcode in column 1. (MOVWF)
Warning[203] C:\USERS\SHANYU\DESKTOP\MPLAB PROJELER\TIMER\TIMER.ASM 147 : Found opcode in column 1. (CALL)
Warning[203] C:\USERS\SHANYU\DESKTOP\MPLAB PROJELER\TIMER\TIMER.ASM 149 : Found opcode in column 1. (GOTO)
Warning[205] C:\USERS\SHANYU\DESKTOP\MPLAB PROJELER\TIMER\TIMER.ASM 152 : Found directive in column 1. (END)
