MPASM  5.51                         TIMER.ASM   11-12-2019  14:00:13         PAGE  1


LOC  OBJECT CODE     LINE SOURCE TEXT
  VALUE

                      00001 #INCLUDE  <P16F877A.INC>
                      00001         LIST
                      00002 
                      00003 ;==========================================================================
                      00004 ;  MPASM PIC16F877A processor include
                      00005 ; 
                      00006 ;  (c) Copyright 1999-2013 Microchip Technology, All rights reserved
                      00007 ;==========================================================================
                      00008 
                      00566         LIST
Warning[205]: Found directive in column 1. (LIST)
                      00002 LIST P=16F877A
Warning[205]: Found directive in column 1. (__CONFIG)
2007   3F31           00003 __CONFIG H'3F31'
                      00004 ;__CONFIG H'2F01'
  00000020            00005 GECIKME1        EQU     0X20
  00000021            00006 GECIKME2        EQU     0X21
  00000022            00007 SAYAC                   EQU     0X22
  00000023            00008 BIRLER          EQU     0X23
  00000024            00009 ONLAR           EQU     0X24
                      00010 
Warning[205]: Found directive in column 1. (ORG)
                      00011 ORG                     0X000
Warning[203]: Found opcode in column 1. (NOP)
0000   0000           00012 NOP
Warning[203]: Found opcode in column 1. (GOTO)
0001   2???           00013 GOTO BASLA
                      00014 
                      00015 
Warning[205]: Found directive in column 1. (ORG)
                      00016 ORG                     0X004
                      00017 
Warning[205]: Found directive in column 1. (BANKSEL)
0004   1283 1303      00018 BANKSEL PIR1
Warning[203]: Found opcode in column 1. (BCF)
0006   100C           00019 BCF             PIR1,0
Warning[203]: Found opcode in column 1. (MOVLW)
0007   30DB           00020 MOVLW   0XDB
Warning[203]: Found opcode in column 1. (MOVWF)
0008   008E           00021 MOVWF   TMR1L
Warning[203]: Found opcode in column 1. (MOVLW)
0009   300B           00022 MOVLW   0X0B
Warning[203]: Found opcode in column 1. (MOVWF)
000A   008F           00023 MOVWF   TMR1H
                      00024 
Warning[203]: Found opcode in column 1. (INCF)
Message[305]: Using default destination of 1 (file).
000B   0AA2           00025 INCF            SAYAC
Warning[203]: Found opcode in column 1. (MOVLW)
000C   3002           00026 MOVLW   0X02
Warning[203]: Found opcode in column 1. (SUBWF)
000D   0222           00027 SUBWF   SAYAC,0
Warning[203]: Found opcode in column 1. (BTFSS)
MPASM  5.51                         TIMER.ASM   11-12-2019  14:00:13         PAGE  2


LOC  OBJECT CODE     LINE SOURCE TEXT
  VALUE

000E   1D03           00028 BTFSS           STATUS,Z
Warning[203]: Found opcode in column 1. (GOTO)
000F   2???           00029 GOTO            DONUS
Warning[203]: Found opcode in column 1. (BCF)
0010   1103           00030 BCF             STATUS,Z
Warning[203]: Found opcode in column 1. (CLRF)
0011   01A2           00031 CLRF            SAYAC
                      00032 
Warning[203]: Found opcode in column 1. (INCF)
Message[305]: Using default destination of 1 (file).
0012   0AA3           00033 INCF            BIRLER
Warning[203]: Found opcode in column 1. (INCF)
Message[305]: Using default destination of 1 (file).
0013   0AA3           00034 INCF            BIRLER
Warning[203]: Found opcode in column 1. (MOVLW)
0014   300A           00035 MOVLW   D'10'
Warning[203]: Found opcode in column 1. (SUBWF)
0015   0223           00036 SUBWF   BIRLER,W
Warning[203]: Found opcode in column 1. (BTFSS)
0016   1D03           00037 BTFSS           STATUS,Z
Warning[203]: Found opcode in column 1. (GOTO)
0017   2???           00038 GOTO            KONTROL
Warning[203]: Found opcode in column 1. (BCF)
0018   1103           00039 BCF             STATUS,Z
Warning[203]: Found opcode in column 1. (INCF)
Message[305]: Using default destination of 1 (file).
0019   0AA4           00040 INCF            ONLAR
Warning[203]: Found opcode in column 1. (CLRF)
001A   01A3           00041 CLRF            BIRLER
                      00042 
001B                  00043 KONTROL:
Warning[203]: Found opcode in column 1. (MOVLW)
001B   3006           00044 MOVLW   D'6'
Warning[203]: Found opcode in column 1. (SUBWF)
001C   0224           00045 SUBWF   ONLAR,W
Warning[203]: Found opcode in column 1. (BTFSS)
001D   1D03           00046 BTFSS           STATUS,Z
Warning[203]: Found opcode in column 1. (GOTO)
001E   2???           00047 GOTO            DONUS
Warning[203]: Found opcode in column 1. (BCF)
001F   1103           00048 BCF             STATUS,Z
Warning[203]: Found opcode in column 1. (MOVLW)
0020   3000           00049 MOVLW   D'0'
Warning[203]: Found opcode in column 1. (SUBWF)
0021   0223           00050 SUBWF   BIRLER,W
Warning[203]: Found opcode in column 1. (BTFSS)
0022   1D03           00051 BTFSS           STATUS,Z
Warning[203]: Found opcode in column 1. (GOTO)
0023   2???           00052 GOTO            DONUS
Warning[203]: Found opcode in column 1. (BCF)
0024   1103           00053 BCF             STATUS,Z
Warning[203]: Found opcode in column 1. (CLRF)
0025   01A3           00054 CLRF            BIRLER
MPASM  5.51                         TIMER.ASM   11-12-2019  14:00:13         PAGE  3


LOC  OBJECT CODE     LINE SOURCE TEXT
  VALUE

Warning[203]: Found opcode in column 1. (CLRF)
0026   01A4           00055 CLRF            ONLAR
                      00056 
0027                  00057 DONUS:
Warning[203]: Found opcode in column 1. (RETFIE)
0027   0009           00058 RETFIE
                      00059 
                      00060 
                      00061 
0028                  00062 GECIKME:                                ; (herbir komut 4mhz de 1mikrosn) = 1 sn GEC?KME (yakla??k)
0028   30E7           00063         MOVLW   0xE7
0029   00A0           00064         MOVWF   GECIKME1        
                      00065         
002A   3004           00066         MOVLW   0x04
002B   00A1           00067         MOVWF   GECIKME2
002C                  00068 DONGU1
002C   0BA0           00069         DECFSZ  GECIKME1,1
002D   2???           00070         GOTO    $+2
002E   0BA1           00071         DECFSZ  GECIKME2,1
002F   2???           00072         GOTO    DONGU1
                      00073         
0030   0000           00074         NOP
0031   0000           00075         NOP     
0032   0008           00076         RETURN
                      00077 
                      00078 
                      00079 
0033                  00080 LOOKUP_TABLE:
Warning[203]: Found opcode in column 1. (ADDWF)
0033   0782           00081 ADDWF   PCL,1
Warning[203]: Found opcode in column 1. (RETLW)
0034   343F           00082 RETLW   0X3F
Warning[203]: Found opcode in column 1. (RETLW)
0035   3406           00083 RETLW   0X06
Warning[203]: Found opcode in column 1. (RETLW)
0036   345B           00084 RETLW   0X5B
Warning[203]: Found opcode in column 1. (RETLW)
0037   344F           00085 RETLW   0X4F
Warning[203]: Found opcode in column 1. (RETLW)
0038   3466           00086 RETLW   0X66
Warning[203]: Found opcode in column 1. (RETLW)
0039   346D           00087 RETLW   0X6D
Warning[203]: Found opcode in column 1. (RETLW)
003A   347D           00088 RETLW   0X7D
Warning[203]: Found opcode in column 1. (RETLW)
003B   3407           00089 RETLW   0X07
Warning[203]: Found opcode in column 1. (RETLW)
003C   347F           00090 RETLW   0X7F
Warning[203]: Found opcode in column 1. (RETLW)
003D   346F           00091 RETLW   0X6F
                      00092 
                      00093 
003E                  00094 PORT_AYAR:
MPASM  5.51                         TIMER.ASM   11-12-2019  14:00:13         PAGE  4


LOC  OBJECT CODE     LINE SOURCE TEXT
  VALUE

Warning[205]: Found directive in column 1. (BANKSEL)
003E   1283 1303      00095 BANKSEL         INTCON
Warning[203]: Found opcode in column 1. (MOVLW)
0040   30C0           00096 MOVLW           B'11000000'
Warning[203]: Found opcode in column 1. (MOVWF)
0041   008B           00097 MOVWF           INTCON
                      00098 
Warning[205]: Found directive in column 1. (BANKSEL)
0042   1283 1303      00099 BANKSEL         T1CON
Warning[203]: Found opcode in column 1. (MOVLW)
0044   3031           00100 MOVLW           B'00110001'
Warning[203]: Found opcode in column 1. (MOVWF)
0045   0090           00101 MOVWF           T1CON
                      00102 
Warning[205]: Found directive in column 1. (BANKSEL)
0046   1283 1303      00103 BANKSEL                 PIR1
Warning[203]: Found opcode in column 1. (BCF)
0048   100C           00104 BCF                     PIR1,TMR1IF
Warning[205]: Found directive in column 1. (BANKSEL)
0049   1683 1303      00105 BANKSEL         PIE1
Warning[203]: Found opcode in column 1. (BSF)
Message[302]: Register in operand not in bank 0.  Ensure that bank bits are correct.
004B   140C           00106 BSF                     PIE1,TMR1IE
                      00107 
Warning[205]: Found directive in column 1. (BANKSEL)
004C   1683 1303      00108 BANKSEL                 TRISB
Warning[203]: Found opcode in column 1. (CLRF)
Message[302]: Register in operand not in bank 0.  Ensure that bank bits are correct.
004E   0186           00109 CLRF                    TRISB
Warning[203]: Found opcode in column 1. (MOVLW)
004F   3006           00110 MOVLW           0X06
Warning[203]: Found opcode in column 1. (MOVWF)
Message[302]: Register in operand not in bank 0.  Ensure that bank bits are correct.
0050   009F           00111 MOVWF           ADCON1
Warning[203]: Found opcode in column 1. (MOVLW)
0051   303C           00112 MOVLW           B'00111100'
Warning[203]: Found opcode in column 1. (MOVWF)
Message[302]: Register in operand not in bank 0.  Ensure that bank bits are correct.
0052   0085           00113 MOVWF           TRISA
                      00114 
Warning[205]: Found directive in column 1. (BANKSEL)
0053   1283 1303      00115 BANKSEL         PORTB
Warning[203]: Found opcode in column 1. (CLRF)
0055   0186           00116 CLRF                    PORTB
Warning[203]: Found opcode in column 1. (CLRF)
0056   0185           00117 CLRF                    PORTA
                      00118 
Warning[203]: Found opcode in column 1. (MOVLW)
0057   30DB           00119 MOVLW           0XDB
Warning[203]: Found opcode in column 1. (MOVWF)
0058   008E           00120 MOVWF           TMR1L
Warning[203]: Found opcode in column 1. (MOVLW)
0059   300B           00121 MOVLW           0X0B
MPASM  5.51                         TIMER.ASM   11-12-2019  14:00:13         PAGE  5


LOC  OBJECT CODE     LINE SOURCE TEXT
  VALUE

Warning[203]: Found opcode in column 1. (MOVWF)
005A   008F           00122 MOVWF           TMR1H
Warning[203]: Found opcode in column 1. (CLRF)
005B   01A2           00123 CLRF                    SAYAC
                      00124 
Warning[203]: Found opcode in column 1. (RETURN)
005C   0008           00125 RETURN
                      00126 
                      00127 
                      00128 
005D                  00129 BASLA:
Warning[203]: Found opcode in column 1. (CALL)
005D   2???           00130 CALL PORT_AYAR
Warning[203]: Found opcode in column 1. (MOVLW)
005E   3000           00131 MOVLW   0X00
Warning[203]: Found opcode in column 1. (MOVWF)
005F   00A3           00132 MOVWF   BIRLER
Warning[203]: Found opcode in column 1. (MOVLW)
0060   3000           00133 MOVLW   0X00
Warning[203]: Found opcode in column 1. (MOVWF)
0061   00A4           00134 MOVWF   ONLAR
0062                  00135 DONGU
Warning[203]: Found opcode in column 1. (MOVLW)
0062   3002           00136 MOVLW   0X02
Warning[203]: Found opcode in column 1. (MOVWF)
0063   0085           00137 MOVWF   PORTA
Warning[204]: Found pseudo-op in column 1. (MOVFW)
0064   0823           00138 MOVFW   BIRLER
Warning[203]: Found opcode in column 1. (CALL)
0065   2???           00139 CALL            LOOKUP_TABLE
Warning[203]: Found opcode in column 1. (MOVWF)
0066   0086           00140 MOVWF   PORTB
Warning[203]: Found opcode in column 1. (CALL)
0067   2???           00141 CALL            GECIKME
Warning[203]: Found opcode in column 1. (MOVLW)
0068   3001           00142 MOVLW   0X01
Warning[203]: Found opcode in column 1. (MOVWF)
0069   0085           00143 MOVWF   PORTA
Warning[204]: Found pseudo-op in column 1. (MOVFW)
006A   0824           00144 MOVFW   ONLAR
Warning[203]: Found opcode in column 1. (CALL)
006B   2???           00145 CALL            LOOKUP_TABLE
Warning[203]: Found opcode in column 1. (MOVWF)
006C   0086           00146 MOVWF   PORTB
Warning[203]: Found opcode in column 1. (CALL)
006D   2???           00147 CALL            GECIKME
                      00148 
Warning[203]: Found opcode in column 1. (GOTO)
006E   2???           00149 GOTO DONGU
                      00150 
                      00151 
Warning[205]: Found directive in column 1. (END)
3F31                  00152 END
MPASM  5.51                         TIMER.ASM   11-12-2019  14:00:13         PAGE  6


SYMBOL TABLE
  LABEL                             VALUE 

ACKDT                             00000005
ACKEN                             00000004
ACKSTAT                           00000006
ADCON0                            0000001F
ADCON1                            0000009F
ADCS0                             00000006
ADCS1                             00000007
ADCS2                             00000006
ADDEN                             00000003
ADFM                              00000007
ADIE                              00000006
ADIF                              00000006
ADON                              00000000
ADRESH                            0000001E
ADRESL                            0000009E
BASLA                             0000005D
BCLIE                             00000003
BCLIF                             00000003
BF                                00000000
BIRLER                            00000023
BRGH                              00000002
C                                 00000000
C1INV                             00000004
C1OUT                             00000006
C2INV                             00000005
C2OUT                             00000007
CCP1CON                           00000017
CCP1IE                            00000002
CCP1IF                            00000002
CCP1M0                            00000000
CCP1M1                            00000001
CCP1M2                            00000002
CCP1M3                            00000003
CCP1X                             00000005
CCP1Y                             00000004
CCP2CON                           0000001D
CCP2IE                            00000000
CCP2IF                            00000000
CCP2M0                            00000000
CCP2M1                            00000001
CCP2M2                            00000002
CCP2M3                            00000003
CCP2X                             00000005
CCP2Y                             00000004
CCPR1                             00000015
CCPR1H                            00000016
CCPR1L                            00000015
CCPR2                             0000001B
CCPR2H                            0000001C
CCPR2L                            0000001B
CHS0                              00000003
CHS1                              00000004
CHS2                              00000005
MPASM  5.51                         TIMER.ASM   11-12-2019  14:00:13         PAGE  7


SYMBOL TABLE
  LABEL                             VALUE 

CIS                               00000003
CKE                               00000006
CKP                               00000004
CM0                               00000000
CM1                               00000001
CM2                               00000002
CMCON                             0000009C
CMIE                              00000006
CMIF                              00000006
CREN                              00000004
CSRC                              00000007
CVR0                              00000000
CVR1                              00000001
CVR2                              00000002
CVR3                              00000003
CVRCON                            0000009D
CVREN                             00000007
CVROE                             00000006
CVRR                              00000005
D                                 00000005
DATA_ADDRESS                      00000005
DC                                00000001
DONGU                             00000062
DONGU1                            0000002C
DONUS                             00000027
D_A                               00000005
D_NOT_A                           00000005
EEADR                             0000010D
EEADRH                            0000010F
EECON1                            0000018C
EECON2                            0000018D
EEDATA                            0000010C
EEDATH                            0000010E
EEIE                              00000004
EEIF                              00000004
EEPGD                             00000007
F                                 00000001
FERR                              00000002
FSR                               00000004
GCEN                              00000007
GECIKME                           00000028
GECIKME1                          00000020
GECIKME2                          00000021
GIE                               00000007
GO                                00000002
GO_DONE                           00000002
GO_NOT_DONE                       00000002
I2C_DATA                          00000005
I2C_READ                          00000002
I2C_START                         00000003
I2C_STOP                          00000004
IBF                               00000007
IBOV                              00000005
MPASM  5.51                         TIMER.ASM   11-12-2019  14:00:13         PAGE  8


SYMBOL TABLE
  LABEL                             VALUE 

INDF                              00000000
INTCON                            0000000B
INTE                              00000004
INTEDG                            00000006
INTF                              00000001
IRP                               00000007
KONTROL                           0000001B
LOOKUP_TABLE                      00000033
NOT_A                             00000005
NOT_ADDRESS                       00000005
NOT_BO                            00000000
NOT_BOR                           00000000
NOT_DONE                          00000002
NOT_PD                            00000003
NOT_POR                           00000001
NOT_RBPU                          00000007
NOT_RC8                           00000006
NOT_T1SYNC                        00000002
NOT_TO                            00000004
NOT_TX8                           00000006
NOT_W                             00000002
NOT_WRITE                         00000002
OBF                               00000006
OERR                              00000001
ONLAR                             00000024
OPTION_REG                        00000081
P                                 00000004
PCFG0                             00000000
PCFG1                             00000001
PCFG2                             00000002
PCFG3                             00000003
PCL                               00000002
PCLATH                            0000000A
PCON                              0000008E
PEIE                              00000006
PEN                               00000002
PIE1                              0000008C
PIE2                              0000008D
PIR1                              0000000C
PIR2                              0000000D
PORTA                             00000005
PORTB                             00000006
PORTC                             00000007
PORTD                             00000008
PORTE                             00000009
PORT_AYAR                         0000003E
PR2                               00000092
PS0                               00000000
PS1                               00000001
PS2                               00000002
PSA                               00000003
PSPIE                             00000007
PSPIF                             00000007
MPASM  5.51                         TIMER.ASM   11-12-2019  14:00:13         PAGE  9


SYMBOL TABLE
  LABEL                             VALUE 

PSPMODE                           00000004
R                                 00000002
RA0                               00000000
RA1                               00000001
RA2                               00000002
RA3                               00000003
RA4                               00000004
RA5                               00000005
RB0                               00000000
RB1                               00000001
RB2                               00000002
RB3                               00000003
RB4                               00000004
RB5                               00000005
RB6                               00000006
RB7                               00000007
RBIE                              00000003
RBIF                              00000000
RC0                               00000000
RC1                               00000001
RC2                               00000002
RC3                               00000003
RC4                               00000004
RC5                               00000005
RC6                               00000006
RC7                               00000007
RC8_9                             00000006
RC9                               00000006
RCD8                              00000000
RCEN                              00000003
RCIE                              00000005
RCIF                              00000005
RCREG                             0000001A
RCSTA                             00000018
RD                                00000000
RD0                               00000000
RD1                               00000001
RD2                               00000002
RD3                               00000003
RD4                               00000004
RD5                               00000005
RD6                               00000006
RD7                               00000007
RE0                               00000000
RE1                               00000001
RE2                               00000002
READ_WRITE                        00000002
RP0                               00000005
RP1                               00000006
RSEN                              00000001
RX9                               00000006
RX9D                              00000000
R_NOT_W                           00000002
MPASM  5.51                         TIMER.ASM   11-12-2019  14:00:13         PAGE 10


SYMBOL TABLE
  LABEL                             VALUE 

R_W                               00000002
S                                 00000003
SAYAC                             00000022
SEN                               00000000
SMP                               00000007
SPBRG                             00000099
SPEN                              00000007
SREN                              00000005
SSPADD                            00000093
SSPBUF                            00000013
SSPCON                            00000014
SSPCON2                           00000091
SSPEN                             00000005
SSPIE                             00000003
SSPIF                             00000003
SSPM0                             00000000
SSPM1                             00000001
SSPM2                             00000002
SSPM3                             00000003
SSPOV                             00000006
SSPSTAT                           00000094
STATUS                            00000003
SYNC                              00000004
T0CS                              00000005
T0IE                              00000005
T0IF                              00000002
T0SE                              00000004
T1CKPS0                           00000004
T1CKPS1                           00000005
T1CON                             00000010
T1INSYNC                          00000002
T1OSCEN                           00000003
T1SYNC                            00000002
T2CKPS0                           00000000
T2CKPS1                           00000001
T2CON                             00000012
TMR0                              00000001
TMR0IE                            00000005
TMR0IF                            00000002
TMR1                              0000000E
TMR1CS                            00000001
TMR1H                             0000000F
TMR1IE                            00000000
TMR1IF                            00000000
TMR1L                             0000000E
TMR1ON                            00000000
TMR2                              00000011
TMR2IE                            00000001
TMR2IF                            00000001
TMR2ON                            00000002
TOUTPS0                           00000003
TOUTPS1                           00000004
TOUTPS2                           00000005
MPASM  5.51                         TIMER.ASM   11-12-2019  14:00:13         PAGE 11


SYMBOL TABLE
  LABEL                             VALUE 

TOUTPS3                           00000006
TRISA                             00000085
TRISA0                            00000000
TRISA1                            00000001
TRISA2                            00000002
TRISA3                            00000003
TRISA4                            00000004
TRISA5                            00000005
TRISB                             00000086
TRISB0                            00000000
TRISB1                            00000001
TRISB2                            00000002
TRISB3                            00000003
TRISB4                            00000004
TRISB5                            00000005
TRISB6                            00000006
TRISB7                            00000007
TRISC                             00000087
TRISC0                            00000000
TRISC1                            00000001
TRISC2                            00000002
TRISC3                            00000003
TRISC4                            00000004
TRISC5                            00000005
TRISC6                            00000006
TRISC7                            00000007
TRISD                             00000088
TRISD0                            00000000
TRISD1                            00000001
TRISD2                            00000002
TRISD3                            00000003
TRISD4                            00000004
TRISD5                            00000005
TRISD6                            00000006
TRISD7                            00000007
TRISE                             00000089
TRISE0                            00000000
TRISE1                            00000001
TRISE2                            00000002
TRMT                              00000001
TX8_9                             00000006
TX9                               00000006
TX9D                              00000000
TXD8                              00000000
TXEN                              00000005
TXIE                              00000004
TXIF                              00000004
TXREG                             00000019
TXSTA                             00000098
UA                                00000001
W                                 00000000
WCOL                              00000007
WR                                00000001
MPASM  5.51                         TIMER.ASM   11-12-2019  14:00:13         PAGE 12


SYMBOL TABLE
  LABEL                             VALUE 

WREN                              00000002
WRERR                             00000003
Z                                 00000002
_.org_1_002D                      0000002D
_BODEN_OFF                        00003FBF
_BODEN_ON                         00003FFF
_BOREN_OFF                        00003FBF
_BOREN_ON                         00003FFF
_CONFIG                           00002007
_CPD_OFF                          00003FFF
_CPD_ON                           00003EFF
_CP_ALL                           00001FFF
_CP_OFF                           00003FFF
_CP_ON                            00001FFF
_DEBUG_OFF                        00003FFF
_DEBUG_ON                         000037FF
_DEVID1                           00002006
_FOSC_EXTRC                       00003FFF
_FOSC_HS                          00003FFE
_FOSC_LP                          00003FFC
_FOSC_XT                          00003FFD
_HS_OSC                           00003FFE
_IDLOC0                           00002000
_IDLOC1                           00002001
_IDLOC2                           00002002
_IDLOC3                           00002003
_LP_OSC                           00003FFC
_LVP_OFF                          00003F7F
_LVP_ON                           00003FFF
_PWRTE_OFF                        00003FFF
_PWRTE_ON                         00003FF7
_RC_OSC                           00003FFF
_WDTE_OFF                         00003FFB
_WDTE_ON                          00003FFF
_WDT_OFF                          00003FFB
_WDT_ON                           00003FFF
_WRT_1FOURTH                      00003BFF
_WRT_256                          00003DFF
_WRT_HALF                         000039FF
_WRT_OFF                          00003FFF
_XT_OSC                           00003FFD
__16F877A                         00000001

Errors   :     0
Warnings :    96 reported,     0 suppressed
Messages :     8 reported,     0 suppressed

