Warning[205] C:\USERS\SHANYU\DESKTOP\MPLAB PROJELER\ILERGERISAYMA\ILERIGERISAYMAKOD.ASM 2 : Found directive in column 1. (list)
Warning[205] C:\USERS\SHANYU\DESKTOP\MPLAB PROJELER\ILERGERISAYMA\ILERIGERISAYMAKOD.ASM 6 : Found directive in column 1. (ORG)
Warning[203] C:\USERS\SHANYU\DESKTOP\MPLAB PROJELER\ILERGERISAYMA\ILERIGERISAYMAKOD.ASM 7 : Found opcode in column 1. (nop)
Warning[203] C:\USERS\SHANYU\DESKTOP\MPLAB PROJELER\ILERGERISAYMA\ILERIGERISAYMAKOD.ASM 8 : Found opcode in column 1. (GOTO)
Warning[205] C:\USERS\SHANYU\DESKTOP\MPLAB PROJELER\ILERGERISAYMA\ILERIGERISAYMAKOD.ASM 10 : Found directive in column 1. (ORG)
Warning[205] C:\USERS\SHANYU\DESKTOP\MPLAB PROJELER\ILERGERISAYMA\ILERIGERISAYMAKOD.ASM 13 : Found directive in column 1. (BANKSEL)
Warning[203] C:\USERS\SHANYU\DESKTOP\MPLAB PROJELER\ILERGERISAYMA\ILERIGERISAYMAKOD.ASM 14 : Found opcode in column 1. (MOVLW)
Warning[203] C:\USERS\SHANYU\DESKTOP\MPLAB PROJELER\ILERGERISAYMA\ILERIGERISAYMAKOD.ASM 15 : Found opcode in column 1. (MOVWF)
Message[302] C:\USERS\SHANYU\DESKTOP\MPLAB PROJELER\ILERGERISAYMA\ILERIGERISAYMAKOD.ASM 15 : Register in operand not in bank 0.  Ensure that bank bits are correct.
Warning[203] C:\USERS\SHANYU\DESKTOP\MPLAB PROJELER\ILERGERISAYMA\ILERIGERISAYMAKOD.ASM 16 : Found opcode in column 1. (MOVLW)
Warning[203] C:\USERS\SHANYU\DESKTOP\MPLAB PROJELER\ILERGERISAYMA\ILERIGERISAYMAKOD.ASM 17 : Found opcode in column 1. (MOVWF)
Message[302] C:\USERS\SHANYU\DESKTOP\MPLAB PROJELER\ILERGERISAYMA\ILERIGERISAYMAKOD.ASM 17 : Register in operand not in bank 0.  Ensure that bank bits are correct.
Warning[205] C:\USERS\SHANYU\DESKTOP\MPLAB PROJELER\ILERGERISAYMA\ILERIGERISAYMAKOD.ASM 18 : Found directive in column 1. (BANKSEL)
Warning[203] C:\USERS\SHANYU\DESKTOP\MPLAB PROJELER\ILERGERISAYMA\ILERIGERISAYMAKOD.ASM 19 : Found opcode in column 1. (CLRF)
Warning[203] C:\USERS\SHANYU\DESKTOP\MPLAB PROJELER\ILERGERISAYMA\ILERIGERISAYMAKOD.ASM 20 : Found opcode in column 1. (RETURN)
Warning[205] C:\USERS\SHANYU\DESKTOP\MPLAB PROJELER\ILERGERISAYMA\ILERIGERISAYMAKOD.ASM 23 : Found directive in column 1. (BANKSEL)
Warning[203] C:\USERS\SHANYU\DESKTOP\MPLAB PROJELER\ILERGERISAYMA\ILERIGERISAYMAKOD.ASM 24 : Found opcode in column 1. (CLRF)
Message[302] C:\USERS\SHANYU\DESKTOP\MPLAB PROJELER\ILERGERISAYMA\ILERIGERISAYMAKOD.ASM 24 : Register in operand not in bank 0.  Ensure that bank bits are correct.
Warning[205] C:\USERS\SHANYU\DESKTOP\MPLAB PROJELER\ILERGERISAYMA\ILERIGERISAYMAKOD.ASM 25 : Found directive in column 1. (BANKSEL)
Warning[203] C:\USERS\SHANYU\DESKTOP\MPLAB PROJELER\ILERGERISAYMA\ILERIGERISAYMAKOD.ASM 26 : Found opcode in column 1. (CLRF)
Warning[203] C:\USERS\SHANYU\DESKTOP\MPLAB PROJELER\ILERGERISAYMA\ILERIGERISAYMAKOD.ASM 27 : Found opcode in column 1. (RETURN)
Warning[203] C:\USERS\SHANYU\DESKTOP\MPLAB PROJELER\ILERGERISAYMA\ILERIGERISAYMAKOD.ASM 30 : Found opcode in column 1. (call)
Warning[203] C:\USERS\SHANYU\DESKTOP\MPLAB PROJELER\ILERGERISAYMA\ILERIGERISAYMAKOD.ASM 31 : Found opcode in column 1. (call)
Warning[203] C:\USERS\SHANYU\DESKTOP\MPLAB PROJELER\ILERGERISAYMA\ILERIGERISAYMAKOD.ASM 34 : Found opcode in column 1. (BTFSC)
Warning[203] C:\USERS\SHANYU\DESKTOP\MPLAB PROJELER\ILERGERISAYMA\ILERIGERISAYMAKOD.ASM 35 : Found opcode in column 1. (GOTO)
Warning[203] C:\USERS\SHANYU\DESKTOP\MPLAB PROJELER\ILERGERISAYMA\ILERIGERISAYMAKOD.ASM 36 : Found opcode in column 1. (NOP)
Warning[203] C:\USERS\SHANYU\DESKTOP\MPLAB PROJELER\ILERGERISAYMA\ILERIGERISAYMAKOD.ASM 37 : Found opcode in column 1. (BTFSC)
Warning[203] C:\USERS\SHANYU\DESKTOP\MPLAB PROJELER\ILERGERISAYMA\ILERIGERISAYMAKOD.ASM 38 : Found opcode in column 1. (GOTO)
Warning[203] C:\USERS\SHANYU\DESKTOP\MPLAB PROJELER\ILERGERISAYMA\ILERIGERISAYMAKOD.ASM 39 : Found opcode in column 1. (NOP)
Warning[203] C:\USERS\SHANYU\DESKTOP\MPLAB PROJELER\ILERGERISAYMA\ILERIGERISAYMAKOD.ASM 40 : Found opcode in column 1. (GOTO)
Warning[205] C:\USERS\SHANYU\DESKTOP\MPLAB PROJELER\ILERGERISAYMA\ILERIGERISAYMAKOD.ASM 43 : Found directive in column 1. (BANKSEL)
Warning[203] C:\USERS\SHANYU\DESKTOP\MPLAB PROJELER\ILERGERISAYMA\ILERIGERISAYMAKOD.ASM 45 : Found opcode in column 1. (BTFSS)
Warning[203] C:\USERS\SHANYU\DESKTOP\MPLAB PROJELER\ILERGERISAYMA\ILERIGERISAYMAKOD.ASM 46 : Found opcode in column 1. (GOTO)
Warning[203] C:\USERS\SHANYU\DESKTOP\MPLAB PROJELER\ILERGERISAYMA\ILERIGERISAYMAKOD.ASM 47 : Found opcode in column 1. (GOTO)
Warning[203] C:\USERS\SHANYU\DESKTOP\MPLAB PROJELER\ILERGERISAYMA\ILERIGERISAYMAKOD.ASM 48 : Found opcode in column 1. (CALL)
Warning[203] C:\USERS\SHANYU\DESKTOP\MPLAB PROJELER\ILERGERISAYMA\ILERIGERISAYMAKOD.ASM 49 : Found opcode in column 1. (INCF)
Message[305] C:\USERS\SHANYU\DESKTOP\MPLAB PROJELER\ILERGERISAYMA\ILERIGERISAYMAKOD.ASM 49 : Using default destination of 1 (file).
Warning[203] C:\USERS\SHANYU\DESKTOP\MPLAB PROJELER\ILERGERISAYMA\ILERIGERISAYMAKOD.ASM 50 : Found opcode in column 1. (BTFSS)
Warning[203] C:\USERS\SHANYU\DESKTOP\MPLAB PROJELER\ILERGERISAYMA\ILERIGERISAYMAKOD.ASM 51 : Found opcode in column 1. (GOTO)
Warning[203] C:\USERS\SHANYU\DESKTOP\MPLAB PROJELER\ILERGERISAYMA\ILERIGERISAYMAKOD.ASM 52 : Found opcode in column 1. (INCF)
Message[305] C:\USERS\SHANYU\DESKTOP\MPLAB PROJELER\ILERGERISAYMA\ILERIGERISAYMAKOD.ASM 52 : Using default destination of 1 (file).
Warning[203] C:\USERS\SHANYU\DESKTOP\MPLAB PROJELER\ILERGERISAYMA\ILERIGERISAYMAKOD.ASM 53 : Found opcode in column 1. (GOTO)
Warning[205] C:\USERS\SHANYU\DESKTOP\MPLAB PROJELER\ILERGERISAYMA\ILERIGERISAYMAKOD.ASM 57 : Found directive in column 1. (BANKSEL)
Warning[203] C:\USERS\SHANYU\DESKTOP\MPLAB PROJELER\ILERGERISAYMA\ILERIGERISAYMAKOD.ASM 59 : Found opcode in column 1. (BTFSS)
Warning[203] C:\USERS\SHANYU\DESKTOP\MPLAB PROJELER\ILERGERISAYMA\ILERIGERISAYMAKOD.ASM 60 : Found opcode in column 1. (GOTO)
Warning[203] C:\USERS\SHANYU\DESKTOP\MPLAB PROJELER\ILERGERISAYMA\ILERIGERISAYMAKOD.ASM 61 : Found opcode in column 1. (GOTO)
Warning[203] C:\USERS\SHANYU\DESKTOP\MPLAB PROJELER\ILERGERISAYMA\ILERIGERISAYMAKOD.ASM 62 : Found opcode in column 1. (CALL)
Warning[203] C:\USERS\SHANYU\DESKTOP\MPLAB PROJELER\ILERGERISAYMA\ILERIGERISAYMAKOD.ASM 63 : Found opcode in column 1. (DECF)
Message[305] C:\USERS\SHANYU\DESKTOP\MPLAB PROJELER\ILERGERISAYMA\ILERIGERISAYMAKOD.ASM 63 : Using default destination of 1 (file).
Warning[203] C:\USERS\SHANYU\DESKTOP\MPLAB PROJELER\ILERGERISAYMA\ILERIGERISAYMAKOD.ASM 64 : Found opcode in column 1. (BTFSS)
Warning[203] C:\USERS\SHANYU\DESKTOP\MPLAB PROJELER\ILERGERISAYMA\ILERIGERISAYMAKOD.ASM 65 : Found opcode in column 1. (GOTO)
Warning[203] C:\USERS\SHANYU\DESKTOP\MPLAB PROJELER\ILERGERISAYMA\ILERIGERISAYMAKOD.ASM 66 : Found opcode in column 1. (DECF)
Message[305] C:\USERS\SHANYU\DESKTOP\MPLAB PROJELER\ILERGERISAYMA\ILERIGERISAYMAKOD.ASM 66 : Using default destination of 1 (file).
Warning[203] C:\USERS\SHANYU\DESKTOP\MPLAB PROJELER\ILERGERISAYMA\ILERIGERISAYMAKOD.ASM 67 : Found opcode in column 1. (GOTO)
Warning[205] C:\USERS\SHANYU\DESKTOP\MPLAB PROJELER\ILERGERISAYMA\ILERIGERISAYMAKOD.ASM 95 : Found directive in column 1. (end)
